[2022-01-24 15:29:35] ERROR Error in Get Store Files!!!
Traceback (most recent call last):
  File "G:\AdventsProduct\V1.1.0\AFS\ALCSRecon\alcs\views.py", line 107, in get_store_files
    file = open(file_path, 'r+')
FileNotFoundError: [Errno 2] No such file or directory: 'G:/AdventsProduct/V1.1.0/AFS/ALCSRecon/static/internal_file.sql'
[2022-01-24 17:20:25] ERROR Error in Get Store Files!!!
Traceback (most recent call last):
  File "G:\AdventsProduct\V1.1.0\AFS\ALCSRecon\alcs\views.py", line 118, in get_store_files
    reco_settings = RecoSettings.objects.filter(processing_layer_id = processing_layer_id, setting_key = transfer_query)
UnboundLocalError: local variable 'transfer_query' referenced before assignment
[2022-01-24 19:03:53] INFO CALL alcs_recon.p_0400_data_transfer_alcs();
[2022-01-24 19:03:53] ERROR (1110, "Column 'int_reference_date_time_1' specified twice")
[2022-01-24 19:03:53] ERROR Error in Executing SQL Query
Traceback (most recent call last):
  File "C:\Users\user\Envs\django\lib\site-packages\django\db\backends\utils.py", line 82, in _execute
    return self.cursor.execute(sql)
  File "C:\Users\user\Envs\django\lib\site-packages\django\db\backends\mysql\base.py", line 73, in execute
    return self.cursor.execute(query, args)
  File "C:\Users\user\Envs\django\lib\site-packages\MySQLdb\cursors.py", line 206, in execute
    res = self._query(query)
  File "C:\Users\user\Envs\django\lib\site-packages\MySQLdb\cursors.py", line 319, in _query
    db.query(q)
  File "C:\Users\user\Envs\django\lib\site-packages\MySQLdb\connections.py", line 259, in query
    _mysql.connection.query(self, query)
MySQLdb._exceptions.ProgrammingError: (1110, "Column 'int_reference_date_time_1' specified twice")

The above exception was the direct cause of the following exception:

Traceback (most recent call last):
  File "G:\AdventsProduct\V1.1.0\AFS\ALCSRecon\alcs\views.py", line 23, in execute_sql_query
    cursor.execute(query)
  File "C:\Users\user\Envs\django\lib\site-packages\django\db\backends\utils.py", line 98, in execute
    return super().execute(sql, params)
  File "C:\Users\user\Envs\django\lib\site-packages\django\db\backends\utils.py", line 66, in execute
    return self._execute_with_wrappers(sql, params, many=False, executor=self._execute)
  File "C:\Users\user\Envs\django\lib\site-packages\django\db\backends\utils.py", line 75, in _execute_with_wrappers
    return executor(sql, params, many, context)
  File "C:\Users\user\Envs\django\lib\site-packages\django\db\backends\utils.py", line 84, in _execute
    return self.cursor.execute(sql, params)
  File "C:\Users\user\Envs\django\lib\site-packages\django\db\utils.py", line 90, in __exit__
    raise dj_exc_value.with_traceback(traceback) from exc_value
  File "C:\Users\user\Envs\django\lib\site-packages\django\db\backends\utils.py", line 82, in _execute
    return self.cursor.execute(sql)
  File "C:\Users\user\Envs\django\lib\site-packages\django\db\backends\mysql\base.py", line 73, in execute
    return self.cursor.execute(query, args)
  File "C:\Users\user\Envs\django\lib\site-packages\MySQLdb\cursors.py", line 206, in execute
    res = self._query(query)
  File "C:\Users\user\Envs\django\lib\site-packages\MySQLdb\cursors.py", line 319, in _query
    db.query(q)
  File "C:\Users\user\Envs\django\lib\site-packages\MySQLdb\connections.py", line 259, in query
    _mysql.connection.query(self, query)
django.db.utils.ProgrammingError: (1110, "Column 'int_reference_date_time_1' specified twice")
[2022-01-24 21:58:57] INFO INSERT INTO alcs_recon.stg_external_records (ext_reference_text_1, ext_reference_date_time_1, ext_reference_date_time_2, ext_reference_text_2, ext_reference_text_3, ext_reference_text_4, ext_amount_1, ext_amount_2, ext_extracted_text_1, ext_generated_num_1, ext_generated_num_2, tenants_id, groups_id, entities_id, file_id, job_execution_id, m_processing_layer_id, m_processing_sub_layer_id, processing_layer_id, processing_layer_name, is_active, created_by, created_date, modified_by, modified_date) VALUES ('ICICI', '205002605', '36204', '2022-01-21 00:00:00', '301572051', '170', 'Yogesh U Parmar ', 'CIPLA Health Ltd.', '2286248', 'CM3MB', 'Reimb', 'TL24T2122/3745', 'ICIC0000003', '6', '2022-01-21 16:15:07.926998', '000919038112', '2022-01-21 00:00:00', '2022-01-21 16:15', '2022-01-21 16', 'REIMB', '2022-01-21 16:15REIMB', '2022-01-21 16REIMB', 'CMS/000919038112/328140798', '3', 'OTHERS', '3', '1', '1', '1', '1', '1', '1', '4', '401', 'ICICI RECON', '1', '1', '2021-10-06 19:45:11.997120', '1', '2021-10-06 19:45:11.997120'),('ICICI', '205002605', '36204', '2022-01-21 00:00:00', '701622286', '7662', 'MANOJ KUMAR ', 'SBI Cards and Payment Services Limited- Agnostic Fulfilment', '1609658', 'SA7DL', 'OPP', 'TL06T2122/4740', '', '8', '2022-01-21 16:30:46.727003', '000919038119', '2022-01-21 00:00:00', '2022-01-21 16:30', '2022-01-21 16', 'OPP', '2022-01-21 16:30OPP', '2022-01-21 16OPP', 'CMS/000919038119/328147307', '5', 'OTHERS', '5', '1', '1', '1', '1', '1', '1', '4', '401', 'ICICI RECON', '1', '1', '2021-10-06 19:45:11.997120', '1', '2021-10-06 19:45:11.997120'),('ICICI', '205002605', '36204', '2022-01-21 00:00:00', '2801519037', '2453', 'Rohit Rajendra Parab ', 'CIPLA Health Ltd.', '2282232', 'CM3MB', 'Reimb', 'TL27T2122/16037', 'ICIC0000028', '6', '2022-01-21 16:15:07.926998', '000919038112', '2022-01-21 00:00:00', '2022-01-21 16:15', '2022-01-21 16', 'REIMB', '2022-01-21 16:15REIMB', '2022-01-21 16REIMB', 'CMS/000919038112/328140798', '3', 'OTHERS', '3', '1', '1', '1', '1', '1', '1', '4', '401', 'ICICI RECON', '1', '1', '2021-10-06 19:45:11.997120', '1', '2021-10-06 19:45:11.997120'),('ICICI', '205002605', '36204', '2022-01-21 00:00:00', '6701520533', '8570', 'sandeep kuhad ', 'SBI Cards and Payment Services Limited- Agnostic Fulfilment', '1613519', 'SA7DL', 'OPP', 'TL06T2122/4740', '', '8', '2022-01-21 16:30:46.727003', '000919038119', '2022-01-21 00:00:00', '2022-01-21 16:30', '2022-01-21 16', 'OPP', '2022-01-21 16:30OPP', '2022-01-21 16OPP', 'CMS/000919038119/328147307', '5', 'OTHERS', '5', '1', '1', '1', '1', '1', '1', '4', '401', 'ICICI RECON', '1', '1', '2021-10-06 19:45:11.997120', '1', '2021-10-06 19:45:11.997120'),('ICICI', '205002605', '36204', '2022-01-21 00:00:00', '6701541631', '1687', 'pankajkumar mali ', 'SBI Cards and Payment Services Limited- Agnostic Fulfilment', '1639919', 'SA7DL', 'OPP', 'TL06T2122/4740', 'ICIC0000067', '8', '2022-01-21 16:30:46.727003', '000919038119', '2022-01-21 00:00:00', '2022-01-21 16:30', '2022-01-21 16', 'OPP', '2022-01-21 16:30OPP', '2022-01-21 16OPP', 'CMS/000919038119/328147307', '5', 'OTHERS', '5', '1', '1', '1', '1', '1', '1', '4', '401', 'ICICI RECON', '1', '1', '2021-10-06 19:45:11.997120', '1', '2021-10-06 19:45:11.997120'),('ICICI', '205002605', '36204', '2022-01-21 00:00:00', '7101561999', '6818', 'Ajay chauhan ', 'SBI Cards and Payment Services Limited- Agnostic Fulfilment', '1952636', 'SA7DL', 'OPP', 'TL06T2122/4740', 'ICIC0000071', '8', '2022-01-21 16:30:46.727003', '000919038119', '2022-01-21 00:00:00', '2022-01-21 16:30', '2022-01-21 16', 'OPP', '2022-01-21 16:30OPP', '2022-01-21 16OPP', 'CMS/000919038119/328147307', '5', 'OTHERS', '5', '1', '1', '1', '1', '1', '1', '4', '401', 'ICICI RECON', '1', '1', '2021-10-06 19:45:11.997120', '1', '2021-10-06 19:45:11.997120'),('ICICI', '205002605', '36204', '2022-01-21 00:00:00', '7301573844', '21680', 'Ganesh Kangude ', 'CIPLA Health Ltd.', '2282338', 'CM3MB', 'Reimb', 'TL27T2122/16037', 'ICIC0000073', '6', '2022-01-21 16:15:07.926998', '000919038112', '2022-01-21 00:00:00', '2022-01-21 16:15', '2022-01-21 16', 'REIMB', '2022-01-21 16:15REIMB', '2022-01-21 16REIMB', 'CMS/000919038112/328140798', '3', 'OTHERS', '3', '1', '1', '1', '1', '1', '1', '4', '401', 'ICICI RECON', '1', '1', '2021-10-06 19:45:11.997120', '1', '2021-10-06 19:45:11.997120'),('ICICI', '205002605', '36204', '2022-01-21 00:00:00', '7501605805', '2841', 'ALUVALA LENIN ', 'LG Electronics India Pvt Ltd', '1652340', '54GDL', 'OPP', 'TL29T2122/36496', '', '8', '2022-01-21 16:30:46.727003', '000919038119', '2022-01-21 00:00:00', '2022-01-21 16:30', '2022-01-21 16', 'OPP', '2022-01-21 16:30OPP', '2022-01-21 16OPP', 'CMS/000919038119/328147307', '5', 'OTHERS', '5', '1', '1', '1', '1', '1', '1', '4', '401', 'ICICI RECON', '1', '1', '2021-10-06 19:45:11.997120', '1', '2021-10-06 19:45:11.997120'),('ICICI', '205002605', '36204', '2022-01-21 00:00:00', '22501533393', '3840', 'Abdul Wadood ', 'Johnson Controls (I) Pvt.Ltd.', '1497650', 'JCNMB', 'Reimb', 'TL29T2122/36256', '', '5', '2022-01-21 12:14:19.840004', '000918922511', '2022-01-21 00:00:00', '2022-01-21 12:14', '2022-01-21 12', 'REIMB', '2022-01-21 12:14REIMB', '2022-01-21 12REIMB', 'CMS/000918922511/328033326', '2', 'OTHERS', '2', '1', '1', '1', '1', '1', '1', '4', '401', 'ICICI RECON', '1', '1', '2021-10-06 19:45:11.997120', '1', '2021-10-06 19:45:11.997120'),('ICICI', '205002605', '36204', '2022-01-21 00:00:00', '28801517233', '3518', 'NAND KISHOR ', 'SBI Cards and Payment Services Limited- Agnostic Fulfilment', '1609664', 'SA7DL', 'OPP', 'TL06T2122/4740', '', '8', '2022-01-21 16:30:46.727003', '000919038119', '2022-01-21 00:00:00', '2022-01-21 16:30', '2022-01-21 16', 'OPP', '2022-01-21 16:30OPP', '2022-01-21 16OPP', 'CMS/000919038119/328147307', '5', 'OTHERS', '5', '1', '1', '1', '1', '1', '1', '4', '401', 'ICICI RECON', '1', '1', '2021-10-06 19:45:11.997120', '1', '2021-10-06 19:45:11.997120'),('ICICI', '205002605', '36204', '2022-01-21 00:00:00', '29501524855', '3523', 'HIRAGAR VIKRAM ', 'SBI Cards and Payment Services Limited- Agnostic Fulfilment', '2066257', 'SA7DL', 'OPP', 'TL06T2122/4740', 'ICIC0000295', '8', '2022-01-21 16:30:46.727003', '000919038119', '2022-01-21 00:00:00', '2022-01-21 16:30', '2022-01-21 16', 'OPP', '2022-01-21 16:30OPP', '2022-01-21 16OPP', 'CMS/000919038119/328147307', '5', 'OTHERS', '5', '1', '1', '1', '1', '1', '1', '4', '401', 'ICICI RECON', '1', '1', '2021-10-06 19:45:11.997120', '1', '2021-10-06 19:45:11.997120'),('ICICI', '205002605', '36204', '2022-01-21 00:00:00', '32001510724', '4550', 'Amarjee Jha ', 'MTR Foods Pvt Ltd', '2068334', 'MUQBG', 'Reimb', 'TL27T2122/16043', 'ICIC0000320', '5', '2022-01-21 12:14:19.840004', '000918922511', '2022-01-21 00:00:00', '2022-01-21 12:14', '2022-01-21 12', 'REIMB', '2022-01-21 12:14REIMB', '2022-01-21 12REIMB', 'CMS/000918922511/328033326', '2', 'OTHERS', '2', '1', '1', '1', '1', '1', '1', '4', '401', 'ICICI RECON', '1', '1', '2021-10-06 19:45:11.997120', '1', '2021-10-06 19:45:11.997120'),('ICICI', '205002605', '36204', '2022-01-21 00:00:00', '34401539935', '170', 'Nitinkumar Mathurbhai Parmar ', 'CIPLA Health Ltd.', '2286208', 'CM3MB', 'Reimb', 'TL24T2122/3745', 'ICIC0000344', '6', '2022-01-21 16:15:07.926998', '000919038112', '2022-01-21 00:00:00', '2022-01-21 16:15', '2022-01-21 16', 'REIMB', '2022-01-21 16:15REIMB', '2022-01-21 16REIMB', 'CMS/000919038112/328140798', '3', 'OTHERS', '3', '1', '1', '1', '1', '1', '1', '4', '401', 'ICICI RECON', '1', '1', '2021-10-06 19:45:11.997120', '1', '2021-10-06 19:45:11.997120'),('ICICI', '205002605', '36204', '2022-01-21 00:00:00', '40401514049', '4088', 'Rajnish Kumar ', 'CIPLA Health Ltd.', '2282180', 'CM3MB', 'Reimb', 'TL29T2122/36741', '', '6', '2022-01-21 16:15:07.926998', '000919038112', '2022-01-21 00:00:00', '2022-01-21 16:15', '2022-01-21 16', 'REIMB', '2022-01-21 16:15REIMB', '2022-01-21 16REIMB', 'CMS/000919038112/328140798', '3', 'OTHERS', '3', '1', '1', '1', '1', '1', '1', '4', '401', 'ICICI RECON', '1', '1', '2021-10-06 19:45:11.997120', '1', '2021-10-06 19:45:11.997120'),('ICICI', '205002605', '36204', '2022-01-21 00:00:00', '54901001812', '4106', 'Akshay V C ', 'LG Electronics India Pvt Ltd', '2127193', '54GDL', 'OPP', 'TL29T2122/36496', 'ICIC0000549', '8', '2022-01-21 16:30:46.727003', '000919038119', '2022-01-21 00:00:00', '2022-01-21 16:30', '2022-01-21 16', 'OPP', '2022-01-21 16:30OPP', '2022-01-21 16OPP', 'CMS/000919038119/328147307', '5', 'OTHERS', '5', '1', '1', '1', '1', '1', '1', '4', '401', 'ICICI RECON', '1', '1', '2021-10-06 19:45:11.997120', '1', '2021-10-06 19:45:11.997120'),('ICICI', '205002605', '36204', '2022-01-21 00:00:00', '55501567571', '11314', 'Vishal pawar ', 'SBI Cards and Payment Services Limited- Agnostic Fulfilment', '1879635', 'SA7DL', 'OPP', 'TL06T2122/4740', 'ICIC0000555', '8', '2022-01-21 16:30:46.727003', '000919038119', '2022-01-21 00:00:00', '2022-01-21 16:30', '2022-01-21 16', 'OPP', '2022-01-21 16:30OPP', '2022-01-21 16OPP', 'CMS/000919038119/328147307', '5', 'OTHERS', '5', '1', '1', '1', '1', '1', '1', '4', '401', 'ICICI RECON', '1', '1', '2021-10-06 19:45:11.997120', '1', '2021-10-06 19:45:11.997120'),('ICICI', '205002605', '36204', '2022-01-21 00:00:00', '57901513948', '2084', 'Santosh Kumar ', 'Kent RO systems ltd', '2166278', 'KFZDL', 'OPP', 'TL29T2122/37117', 'ICIC0000579', '7', '2022-01-21 13:00:14.612999', '000918922512', '2022-01-21 00:00:00', '2022-01-21 13:00', '2022-01-21 13', 'OPP', '2022-01-21 13:00OPP', '2022-01-21 13OPP', 'CMS/000918922512/328050442', '4', 'OTHERS', '4', '1', '1', '1', '1', '1', '1', '4', '401', 'ICICI RECON', '1', '1', '2021-10-06 19:45:11.997120', '1', '2021-10-06 19:45:11.997120'),('ICICI', '205002605', '36204', '2022-01-21 00:00:00', '60301503075', '7850', 'Lijesh P ', 'CIPLA Health Ltd.', '2282219', 'CM3MB', 'Reimb', 'TL29T2122/36743', '', '6', '2022-01-21 16:15:07.926998', '000919038112', '2022-01-21 00:00:00', '2022-01-21 16:15', '2022-01-21 16', 'REIMB', '2022-01-21 16:15REIMB', '2022-01-21 16REIMB', 'CMS/000919038112/328140798', '3', 'OTHERS', '3', '1', '1', '1', '1', '1', '1', '4', '401', 'ICICI RECON', '1', '1', '2021-10-06 19:45:11.997120', '1', '2021-10-06 19:45:11.997120'),('ICICI', '205002605', '36204', '2022-01-21 00:00:00', '64101506200', '14132', 'Dilip Kumar Bhatra ', 'CIPLA Health Ltd.', '2284422', 'CM3MB', 'Reimb', 'TL29T2122/36748', 'ICIC0000641', '6', '2022-01-21 16:15:07.926998', '000919038112', '2022-01-21 00:00:00', '2022-01-21 16:15', '2022-01-21 16', 'REIMB', '2022-01-21 16:15REIMB', '2022-01-21 16REIMB', 'CMS/000919038112/328140798', '3', 'OTHERS', '3', '1', '1', '1', '1', '1', '1', '4', '401', 'ICICI RECON', '1', '1', '2021-10-06 19:45:11.997120', '1', '2021-10-06 19:45:11.997120'),('ICICI', '205002605', '36204', '2022-01-21 00:00:00', '69601505620', '7309', 'DEVASOTH MOHAN ', 'SBI Cards and Payment Services Limited- Agnostic Fulfilment', '2148028', 'SA7DL', 'OPP', 'TL06T2122/4740', 'ICIC0000696', '8', '2022-01-21 16:30:46.727003', '000919038119', '2022-01-21 00:00:00', '2022-01-21 16:30', '2022-01-21 16', 'OPP', '2022-01-21 16:30OPP', '2022-01-21 16OPP', 'CMS/000919038119/328147307', '5', 'OTHERS', '5', '1', '1', '1', '1', '1', '1', '4', '401', 'ICICI RECON', '1', '1', '2021-10-06 19:45:11.997120', '1', '2021-10-06 19:45:11.997120'),('ICICI', '205002605', '36204', '2022-01-21 00:00:00', '82701509485', '10223', 'Jitendra Singh ', 'CIPLA Health Ltd.', '2286149', 'CM3MB', 'Reimb', 'TL06T2122/4689', 'ICIC0004076', '6', '2022-01-21 16:15:07.926998', '000919038112', '2022-01-21 00:00:00', '2022-01-21 16:15', '2022-01-21 16', 'REIMB', '2022-01-21 16:15REIMB', '2022-01-21 16REIMB', 'CMS/000919038112/328140798', '3', 'OTHERS', '3', '1', '1', '1', '1', '1', '1', '4', '401', 'ICICI RECON', '1', '1', '2021-10-06 19:45:11.997120', '1', '2021-10-06 19:45:11.997120'),('ICICI', '205002605', '36204', '2022-01-21 00:00:00', '84301504541', '2084', 'MANOJ KUMAR ', 'SBI Cards and Payment Services Limited- Agnostic Fulfilment', '1946936', 'SA7DL', 'OPP', 'TL06T2122/4740', 'ICIC0000843', '8', '2022-01-21 16:30:46.727003', '000919038119', '2022-01-21 00:00:00', '2022-01-21 16:30', '2022-01-21 16', 'OPP', '2022-01-21 16:30OPP', '2022-01-21 16OPP', 'CMS/000919038119/328147307', '5', 'OTHERS', '5', '1', '1', '1', '1', '1', '1', '4', '401', 'ICICI RECON', '1', '1', '2021-10-06 19:45:11.997120', '1', '2021-10-06 19:45:11.997120'),('ICICI', '205002605', '36204', '2022-01-21 00:00:00', '94901500177', '20502', 'Ashwani Dubey ', 'CIPLA Health Ltd.', '2286211', 'CM3MB', 'Reimb', 'TL29T2122/36745', 'ICIC0000949', '6', '2022-01-21 16:15:07.926998', '000919038112', '2022-01-21 00:00:00', '2022-01-21 16:15', '2022-01-21 16', 'REIMB', '2022-01-21 16:15REIMB', '2022-01-21 16REIMB', 'CMS/000919038112/328140798', '3', 'OTHERS', '3', '1', '1', '1', '1', '1', '1', '4', '401', 'ICICI RECON', '1', '1', '2021-10-06 19:45:11.997120', '1', '2021-10-06 19:45:11.997120'),('ICICI', '205002605', '36204', '2022-01-21 00:00:00', '103701510608', '3146', 'HARBEER KUMAR ', 'SBI Cards and Payment Services Limited- Agnostic Fulfilment', '1609670', 'SA7DL', 'OPP', 'TL06T2122/4740', '', '8', '2022-01-21 16:30:46.727003', '000919038119', '2022-01-21 00:00:00', '2022-01-21 16:30', '2022-01-21 16', 'OPP', '2022-01-21 16:30OPP', '2022-01-21 16OPP', 'CMS/000919038119/328147307', '5', 'OTHERS', '5', '1', '1', '1', '1', '1', '1', '4', '401', 'ICICI RECON', '1', '1', '2021-10-06 19:45:11.997120', '1', '2021-10-06 19:45:11.997120'),('ICICI', '205002605', '36204', '2022-01-21 00:00:00', '104401528968', '1482', 'Karan Jagannath Salunkhe ', 'LG Electronics India Pvt Ltd', '1396641', '54GDL', 'OPP', 'TL29T2122/36496', '', '8', '2022-01-21 16:30:46.727003', '000919038119', '2022-01-21 00:00:00', '2022-01-21 16:30', '2022-01-21 16', 'OPP', '2022-01-21 16:30OPP', '2022-01-21 16OPP', 'CMS/000919038119/328147307', '5', 'OTHERS', '5', '1', '1', '1', '1', '1', '1', '4', '401', 'ICICI RECON', '1', '1', '2021-10-06 19:45:11.997120', '1', '2021-10-06 19:45:11.997120'),('ICICI', '205002605', '36204', '2022-01-21 00:00:00', '106001501701', '4850', 'K Kannaiyan ', 'CIPLA Health Ltd.', '2282161', 'CM3MB', 'Reimb', 'TL33T2122/4612', '', '6', '2022-01-21 16:15:07.926998', '000919038112', '2022-01-21 00:00:00', '2022-01-21 16:15', '2022-01-21 16', 'REIMB', '2022-01-21 16:15REIMB', '2022-01-21 16REIMB', 'CMS/000919038112/328140798', '3', 'OTHERS', '3', '1', '1', '1', '1', '1', '1', '4', '401', 'ICICI RECON', '1', '1', '2021-10-06 19:45:11.997120', '1', '2021-10-06 19:45:11.997120'),('ICICI', '205002605', '36204', '2022-01-21 00:00:00', '109301503619', '5290', 'Ganesh N S ', 'CIPLA Health Ltd.', '2284358', 'CM3MB', 'Reimb', 'TL29T2122/36743', 'ICIC0001093', '6', '2022-01-21 16:15:07.926998', '000919038112', '2022-01-21 00:00:00', '2022-01-21 16:15', '2022-01-21 16', 'REIMB', '2022-01-21 16:15REIMB', '2022-01-21 16REIMB', 'CMS/000919038112/328140798', '3', 'OTHERS', '3', '1', '1', '1', '1', '1', '1', '4', '401', 'ICICI RECON', '1', '1', '2021-10-06 19:45:11.997120', '1', '2021-10-06 19:45:11.997120'),('ICICI', '205002605', '36204', '2022-01-21 00:00:00', '111101505675', '16955', 'Syed Jahangeer ', 'CIPLA Health Ltd.', '2283762', 'CM3MB', 'Reimb', 'TL36T2122/2682', 'ICIC0001111', '6', '2022-01-21 16:15:07.926998', '000919038112', '2022-01-21 00:00:00', '2022-01-21 16:15', '2022-01-21 16', 'REIMB', '2022-01-21 16:15REIMB', '2022-01-21 16REIMB', 'CMS/000919038112/328140798', '3', 'OTHERS', '3', '1', '1', '1', '1', '1', '1', '4', '401', 'ICICI RECON', '1', '1', '2021-10-06 19:45:11.997120', '1', '2021-10-06 19:45:11.997120'),('ICICI', '205002605', '36204', '2022-01-21 00:00:00', '112301508221', '1956', 'Mohammed Nawaz ', 'LG Electronics India Pvt Ltd', '2108619', '54GDL', 'OPP', 'TL29T2122/36496', 'ICIC0001123', '8', '2022-01-21 16:30:46.727003', '000919038119', '2022-01-21 00:00:00', '2022-01-21 16:30', '2022-01-21 16', 'OPP', '2022-01-21 16:30OPP', '2022-01-21 16OPP', 'CMS/000919038119/328147307', '5', 'OTHERS', '5', '1', '1', '1', '1', '1', '1', '4', '401', 'ICICI RECON', '1', '1', '2021-10-06 19:45:11.997120', '1', '2021-10-06 19:45:11.997120'),('ICICI', '205002605', '36204', '2022-01-21 00:00:00', '165001510962', '4471', 'Tejendra singh ', 'SBI Cards and Payment Services Limited- Agnostic Fulfilment', '1626743', 'SA7DL', 'OPP', 'TL06T2122/4740', '', '8', '2022-01-21 16:30:46.727003', '000919038119', '2022-01-21 00:00:00', '2022-01-21 16:30', '2022-01-21 16', 'OPP', '2022-01-21 16:30OPP', '2022-01-21 16OPP', 'CMS/000919038119/328147307', '5', 'OTHERS', '5', '1', '1', '1', '1', '1', '1', '4', '401', 'ICICI RECON', '1', '1', '2021-10-06 19:45:11.997120', '1', '2021-10-06 19:45:11.997120'),('ICICI', '205002605', '36204', '2022-01-21 00:00:00', '180401556746', '22696', 'Kavali Thirupathaiah ', 'ICICI Lombard General Insurance Co. Ltd', '1892382', 'I8FMB', 'DEC 21 SAL', 'TL36T2122/2404', 'ICIC0001804', '4', '2022-01-21 19:30:17.937003', '000919105847', '2022-01-21 00:00:00', '2022-01-21 19:30', '2022-01-21 19', 'SALARY', '2022-01-21 19:30SALARY', '2022-01-21 19SALARY', 'CMS/000919105847/328247868', '1', 'OTHERS', '1', '1', '1', '1', '1', '1', '1', '4', '401', 'ICICI RECON', '1', '1', '2021-10-06 19:45:11.997120', '1', '2021-10-06 19:45:11.997120'),('ICICI', '205002605', '36204', '2022-01-21 00:00:00', '181801501227', '14000', 'Ajeet Kumar ', 'Hitachi Hi - Rel Power Electronics Private Limited', '1422464', 'HHRAH', 'Reimb', 'TL24T2122/3607', '', '6', '2022-01-21 16:15:07.926998', '000919038112', '2022-01-21 00:00:00', '2022-01-21 16:15', '2022-01-21 16', 'REIMB', '2022-01-21 16:15REIMB', '2022-01-21 16REIMB', 'CMS/000919038112/328140798', '3', 'OTHERS', '3', '1', '1', '1', '1', '1', '1', '4', '401', 'ICICI RECON', '1', '1', '2021-10-06 19:45:11.997120', '1', '2021-10-06 19:45:11.997120'),('ICICI', '205002605', '36204', '2022-01-21 00:00:00', '181801502377', '5002', 'Ritesh kumar ', 'SBI Cards and Payment Services Limited- Agnostic Fulfilment', '1632010', 'SA7DL', 'OPP', 'TL06T2122/4740', '', '8', '2022-01-21 16:30:46.727003', '000919038119', '2022-01-21 00:00:00', '2022-01-21 16:30', '2022-01-21 16', 'OPP', '2022-01-21 16:30OPP', '2022-01-21 16OPP', 'CMS/000919038119/328147307', '5', 'OTHERS', '5', '1', '1', '1', '1', '1', '1', '4', '401', 'ICICI RECON', '1', '1', '2021-10-06 19:45:11.997120', '1', '2021-10-06 19:45:11.997120'),('ICICI', '205002605', '36204', '2022-01-21 00:00:00', '186601500669', '3224', 'NILESH SUDHAKARRAO DHARMIK ', 'LG Electronics India Pvt Ltd', '1899954', '54GDL', 'OPP', 'TL29T2122/36496', 'ICIC0001866', '8', '2022-01-21 16:30:46.727003', '000919038119', '2022-01-21 00:00:00', '2022-01-21 16:30', '2022-01-21 16', 'OPP', '2022-01-21 16:30OPP', '2022-01-21 16OPP', 'CMS/000919038119/328147307', '5', 'OTHERS', '5', '1', '1', '1', '1', '1', '1', '4', '401', 'ICICI RECON', '1', '1', '2021-10-06 19:45:11.997120', '1', '2021-10-06 19:45:11.997120'),('ICICI', '205002605', '36204', '2022-01-21 00:00:00', '232801523684', '3935', 'RANJITHA L ', 'LG Electronics India Pvt Ltd', '2019970', '54GDL', 'OPP', 'TL29T2122/36496', 'ICIC0002328', '8', '2022-01-21 16:30:46.727003', '000919038119', '2022-01-21 00:00:00', '2022-01-21 16:30', '2022-01-21 16', 'OPP', '2022-01-21 16:30OPP', '2022-01-21 16OPP', 'CMS/000919038119/328147307', '5', 'OTHERS', '5', '1', '1', '1', '1', '1', '1', '4', '401', 'ICICI RECON', '1', '1', '2021-10-06 19:45:11.997120', '1', '2021-10-06 19:45:11.997120'),('ICICI', '205002605', '36204', '2022-01-21 00:00:00', '328101000702', '8441', 'Rajesh Kumar Sharma ', 'CIPLA Health Ltd.', '2286225', 'CM3MB', 'Reimb', 'TL29T2122/36745', 'ICIC0003281', '6', '2022-01-21 16:15:07.926998', '000919038112', '2022-01-21 00:00:00', '2022-01-21 16:15', '2022-01-21 16', 'REIMB', '2022-01-21 16:15REIMB', '2022-01-21 16REIMB', 'CMS/000919038112/328140798', '3', 'OTHERS', '3', '1', '1', '1', '1', '1', '1', '4', '401', 'ICICI RECON', '1', '1', '2021-10-06 19:45:11.997120', '1', '2021-10-06 19:45:11.997120'),('ICICI', '205002605', '36204', '2022-01-21 00:00:00', '342101523647', '7075', 'Yashjit Singh ', 'Agriculture Insurance Company Of India Ltd-Chandigarh', '1646634', 'AG5DL', 'Reimb', 'TL06T2122/4688', 'ICIC0002493', '5', '2022-01-21 12:14:19.840004', '000918922511', '2022-01-21 00:00:00', '2022-01-21 12:14', '2022-01-21 12', 'REIMB', '2022-01-21 12:14REIMB', '2022-01-21 12REIMB', 'CMS/000918922511/328033326', '2', 'OTHERS', '2', '1', '1', '1', '1', '1', '1', '4', '401', 'ICICI RECON', '1', '1', '2021-10-06 19:45:11.997120', '1', '2021-10-06 19:45:11.997120'),('ICICI', '205002605', '36204', '2022-01-21 00:00:00', '343101503312', '4639', 'Hemant Kumar ', 'SBI Cards and Payment Services Limited- Agnostic Fulfilment', '1613752', 'SA7DL', 'OPP', 'TL06T2122/4740', '', '8', '2022-01-21 16:30:46.727003', '000919038119', '2022-01-21 00:00:00', '2022-01-21 16:30', '2022-01-21 16', 'OPP', '2022-01-21 16:30OPP', '2022-01-21 16OPP', 'CMS/000919038119/328147307', '5', 'OTHERS', '5', '1', '1', '1', '1', '1', '1', '4', '401', 'ICICI RECON', '1', '1', '2021-10-06 19:45:11.997120', '1', '2021-10-06 19:45:11.997120'),('ICICI', '205002605', '36204', '2022-01-21 00:00:00', '600301509010', '7550', 'Senthilkumar S ', 'CIPLA Health Ltd.', '2282235', 'CM3MB', 'Reimb', 'TL33T2122/4612', 'ICIC0006003', '6', '2022-01-21 16:15:07.926998', '000919038112', '2022-01-21 00:00:00', '2022-01-21 16:15', '2022-01-21 16', 'REIMB', '2022-01-21 16:15REIMB', '2022-01-21 16REIMB', 'CMS/000919038112/328140798', '3', 'OTHERS', '3', '1', '1', '1', '1', '1', '1', '4', '401', 'ICICI RECON', '1', '1', '2021-10-06 19:45:11.997120', '1', '2021-10-06 19:45:11.997120'),('ICICI', '205002605', '36204', '2022-01-21 00:00:00', '613501102121', '2453', 'ISAIKANTHAN ', 'LG Electronics India Pvt Ltd', '1727544', '54GDL', 'OPP', 'TL29T2122/36496', 'ICIC0006135', '8', '2022-01-21 16:30:46.727003', '000919038119', '2022-01-21 00:00:00', '2022-01-21 16:30', '2022-01-21 16', 'OPP', '2022-01-21 16:30OPP', '2022-01-21 16OPP', 'CMS/000919038119/328147307', '5', 'OTHERS', '5', '1', '1', '1', '1', '1', '1', '4', '401', 'ICICI RECON', '1', '1', '2021-10-06 19:45:11.997120', '1', '2021-10-06 19:45:11.997120'),('ICICI', '205002605', '36204', '2022-01-21 00:00:00', '625101526819', '49', 'Jhon Raj ', 'SBI Cards and Payment Services Limited- Agnostic Fulfilment', '1632391', 'SA7DL', 'OPP', 'TL06T2122/4740', '', '8', '2022-01-21 16:30:46.727003', '000919038119', '2022-01-21 00:00:00', '2022-01-21 16:30', '2022-01-21 16', 'OPP', '2022-01-21 16:30OPP', '2022-01-21 16OPP', 'CMS/000919038119/328147307', '5', 'OTHERS', '5', '1', '1', '1', '1', '1', '1', '4', '401', 'ICICI RECON', '1', '1', '2021-10-06 19:45:11.997120', '1', '2021-10-06 19:45:11.997120'),('ICICI', '205002605', '36204', '2022-01-21 00:00:00', '625501517124', '3295', 'Keshavamurthy G ', 'SBI Cards and Payment Services Limited- Agnostic Fulfilment', '1635648', 'SA7DL', 'OPP', 'TL06T2122/4740', '', '8', '2022-01-21 16:30:46.727003', '000919038119', '2022-01-21 00:00:00', '2022-01-21 16:30', '2022-01-21 16', 'OPP', '2022-01-21 16:30OPP', '2022-01-21 16OPP', 'CMS/000919038119/328147307', '5', 'OTHERS', '5', '1', '1', '1', '1', '1', '1', '4', '401', 'ICICI RECON', '1', '1', '2021-10-06 19:45:11.997120', '1', '2021-10-06 19:45:11.997120'),('ICICI', '205002605', '36204', '2022-01-21 00:00:00', '626201560263', '19525', 'Vishnu B S ', 'CIPLA Health Ltd.', '2282409', 'CM3MB', 'Reimb', 'TL29T2122/36743', '', '6', '2022-01-21 16:15:07.926998', '000919038112', '2022-01-21 00:00:00', '2022-01-21 16:15', '2022-01-21 16', 'REIMB', '2022-01-21 16:15REIMB', '2022-01-21 16REIMB', 'CMS/000919038112/328140798', '3', 'OTHERS', '3', '1', '1', '1', '1', '1', '1', '4', '401', 'ICICI RECON', '1', '1', '2021-10-06 19:45:11.997120', '1', '2021-10-06 19:45:11.997120'),('ICICI', '205002605', '36204', '2022-01-21 00:00:00', '629401538327', '2883', 'MANOJ KUMAR ', 'SBI Cards and Payment Services Limited- Agnostic Fulfilment', '1609609', 'SA7DL', 'OPP', 'TL06T2122/4740', '', '8', '2022-01-21 16:30:46.727003', '000919038119', '2022-01-21 00:00:00', '2022-01-21 16:30', '2022-01-21 16', 'OPP', '2022-01-21 16:30OPP', '2022-01-21 16OPP', 'CMS/000919038119/328147307', '5', 'OTHERS', '5', '1', '1', '1', '1', '1', '1', '4', '401', 'ICICI RECON', '1', '1', '2021-10-06 19:45:11.997120', '1', '2021-10-06 19:45:11.997120'),('ICICI', '205002605', '36204', '2022-01-21 00:00:00', '646101505601', '57929', 'Nishant Hingane ', 'Johnson Controls-Hitachi Air Conditioning India Limited', '876026', 'HIHMB', 'OPP', 'TL27T2122/9317', '', '8', '2022-01-21 16:30:46.727003', '000919038119', '2022-01-21 00:00:00', '2022-01-21 16:30', '2022-01-21 16', 'OPP', '2022-01-21 16:30OPP', '2022-01-21 16OPP', 'CMS/000919038119/328147307', '5', 'OTHERS', '5', '1', '1', '1', '1', '1', '1', '4', '401', 'ICICI RECON', '1', '1', '2021-10-06 19:45:11.997120', '1', '2021-10-06 19:45:11.997120'),('ICICI', '205002605', '36204', '2022-01-21 00:00:00', '657201501949', '13170', 'Umesh Bairagi ', 'LG Electronics India Pvt Ltd', '1421117', '54GDL', 'OPP', 'TL29T2122/36496', '', '8', '2022-01-21 16:30:46.727003', '000919038119', '2022-01-21 00:00:00', '2022-01-21 16:30', '2022-01-21 16', 'OPP', '2022-01-21 16:30OPP', '2022-01-21 16OPP', 'CMS/000919038119/328147307', '5', 'OTHERS', '5', '1', '1', '1', '1', '1', '1', '4', '401', 'ICICI RECON', '1', '1', '2021-10-06 19:45:11.997120', '1', '2021-10-06 19:45:11.997120');
[2022-01-24 21:58:57] ERROR (1136, "Column count doesn't match value count at row 1")
[2022-01-24 21:58:57] ERROR Error in Executing SQL Query
Traceback (most recent call last):
  File "C:\Users\user\Envs\django\lib\site-packages\django\db\backends\utils.py", line 82, in _execute
    return self.cursor.execute(sql)
  File "C:\Users\user\Envs\django\lib\site-packages\django\db\backends\mysql\base.py", line 73, in execute
    return self.cursor.execute(query, args)
  File "C:\Users\user\Envs\django\lib\site-packages\MySQLdb\cursors.py", line 206, in execute
    res = self._query(query)
  File "C:\Users\user\Envs\django\lib\site-packages\MySQLdb\cursors.py", line 319, in _query
    db.query(q)
  File "C:\Users\user\Envs\django\lib\site-packages\MySQLdb\connections.py", line 259, in query
    _mysql.connection.query(self, query)
MySQLdb._exceptions.OperationalError: (1136, "Column count doesn't match value count at row 1")

The above exception was the direct cause of the following exception:

Traceback (most recent call last):
  File "G:\AdventsProduct\V1.1.0\AFS\ALCSRecon\alcs\views.py", line 23, in execute_sql_query
    cursor.execute(query)
  File "C:\Users\user\Envs\django\lib\site-packages\django\db\backends\utils.py", line 98, in execute
    return super().execute(sql, params)
  File "C:\Users\user\Envs\django\lib\site-packages\django\db\backends\utils.py", line 66, in execute
    return self._execute_with_wrappers(sql, params, many=False, executor=self._execute)
  File "C:\Users\user\Envs\django\lib\site-packages\django\db\backends\utils.py", line 75, in _execute_with_wrappers
    return executor(sql, params, many, context)
  File "C:\Users\user\Envs\django\lib\site-packages\django\db\backends\utils.py", line 84, in _execute
    return self.cursor.execute(sql, params)
  File "C:\Users\user\Envs\django\lib\site-packages\django\db\utils.py", line 90, in __exit__
    raise dj_exc_value.with_traceback(traceback) from exc_value
  File "C:\Users\user\Envs\django\lib\site-packages\django\db\backends\utils.py", line 82, in _execute
    return self.cursor.execute(sql)
  File "C:\Users\user\Envs\django\lib\site-packages\django\db\backends\mysql\base.py", line 73, in execute
    return self.cursor.execute(query, args)
  File "C:\Users\user\Envs\django\lib\site-packages\MySQLdb\cursors.py", line 206, in execute
    res = self._query(query)
  File "C:\Users\user\Envs\django\lib\site-packages\MySQLdb\cursors.py", line 319, in _query
    db.query(q)
  File "C:\Users\user\Envs\django\lib\site-packages\MySQLdb\connections.py", line 259, in query
    _mysql.connection.query(self, query)
django.db.utils.OperationalError: (1136, "Column count doesn't match value count at row 1")
