[2021-05-26 19:01:09] ERROR Error in Validating File!!!
Traceback (most recent call last):
  File "D:\AdvBizSolutions\FinanceControlledApplication\Sources\source\views.py", line 402, in get_field_list_details
    data = json.loads(body)
  File "c:\users\user\appdata\local\programs\python\python38\lib\json\__init__.py", line 357, in loads
    return _default_decoder.decode(s)
  File "c:\users\user\appdata\local\programs\python\python38\lib\json\decoder.py", line 337, in decode
    obj, end = self.raw_decode(s, idx=_w(s, 0).end())
  File "c:\users\user\appdata\local\programs\python\python38\lib\json\decoder.py", line 353, in raw_decode
    obj, end = self.scan_once(s, idx)
json.decoder.JSONDecodeError: Invalid control character at: line 28 column 32 (char 743)
[2021-05-26 19:01:48] ERROR Error in Validating File!!!
Traceback (most recent call last):
  File "C:\Users\user\Envs\advbizsolutions\lib\site-packages\django\db\models\fields\__init__.py", line 1823, in get_prep_value
    return int(value)
ValueError: invalid literal for int() with base 10: ''

The above exception was the direct cause of the following exception:

Traceback (most recent call last):
  File "D:\AdvBizSolutions\FinanceControlledApplication\Sources\source\views.py", line 501, in get_field_list_details
    MasterSourceDefinitions.objects.create(
  File "C:\Users\user\Envs\advbizsolutions\lib\site-packages\django\db\models\manager.py", line 85, in manager_method
    return getattr(self.get_queryset(), name)(*args, **kwargs)
  File "C:\Users\user\Envs\advbizsolutions\lib\site-packages\django\db\models\query.py", line 453, in create
    obj.save(force_insert=True, using=self.db)
  File "C:\Users\user\Envs\advbizsolutions\lib\site-packages\django\db\models\base.py", line 726, in save
    self.save_base(using=using, force_insert=force_insert,
  File "C:\Users\user\Envs\advbizsolutions\lib\site-packages\django\db\models\base.py", line 763, in save_base
    updated = self._save_table(
  File "C:\Users\user\Envs\advbizsolutions\lib\site-packages\django\db\models\base.py", line 868, in _save_table
    results = self._do_insert(cls._base_manager, using, fields, returning_fields, raw)
  File "C:\Users\user\Envs\advbizsolutions\lib\site-packages\django\db\models\base.py", line 906, in _do_insert
    return manager._insert(
  File "C:\Users\user\Envs\advbizsolutions\lib\site-packages\django\db\models\manager.py", line 85, in manager_method
    return getattr(self.get_queryset(), name)(*args, **kwargs)
  File "C:\Users\user\Envs\advbizsolutions\lib\site-packages\django\db\models\query.py", line 1270, in _insert
    return query.get_compiler(using=using).execute_sql(returning_fields)
  File "C:\Users\user\Envs\advbizsolutions\lib\site-packages\django\db\models\sql\compiler.py", line 1415, in execute_sql
    for sql, params in self.as_sql():
  File "C:\Users\user\Envs\advbizsolutions\lib\site-packages\django\db\models\sql\compiler.py", line 1358, in as_sql
    value_rows = [
  File "C:\Users\user\Envs\advbizsolutions\lib\site-packages\django\db\models\sql\compiler.py", line 1359, in <listcomp>
    [self.prepare_value(field, self.pre_save_val(field, obj)) for field in fields]
  File "C:\Users\user\Envs\advbizsolutions\lib\site-packages\django\db\models\sql\compiler.py", line 1359, in <listcomp>
    [self.prepare_value(field, self.pre_save_val(field, obj)) for field in fields]
  File "C:\Users\user\Envs\advbizsolutions\lib\site-packages\django\db\models\sql\compiler.py", line 1300, in prepare_value
    value = field.get_db_prep_save(value, connection=self.connection)
  File "C:\Users\user\Envs\advbizsolutions\lib\site-packages\django\db\models\fields\__init__.py", line 842, in get_db_prep_save
    return self.get_db_prep_value(value, connection=connection, prepared=False)
  File "C:\Users\user\Envs\advbizsolutions\lib\site-packages\django\db\models\fields\__init__.py", line 837, in get_db_prep_value
    value = self.get_prep_value(value)
  File "C:\Users\user\Envs\advbizsolutions\lib\site-packages\django\db\models\fields\__init__.py", line 1825, in get_prep_value
    raise e.__class__(
ValueError: Field 'attribute_position' expected a number but got ''.
[2021-05-26 19:05:49] ERROR Error in Validating File!!!
Traceback (most recent call last):
  File "C:\Users\user\Envs\advbizsolutions\lib\site-packages\django\db\models\fields\__init__.py", line 1823, in get_prep_value
    return int(value)
ValueError: invalid literal for int() with base 10: ''

The above exception was the direct cause of the following exception:

Traceback (most recent call last):
  File "D:\AdvBizSolutions\FinanceControlledApplication\Sources\source\views.py", line 503, in get_field_list_details
    MasterSourceDefinitions.objects.create(
  File "C:\Users\user\Envs\advbizsolutions\lib\site-packages\django\db\models\manager.py", line 85, in manager_method
    return getattr(self.get_queryset(), name)(*args, **kwargs)
  File "C:\Users\user\Envs\advbizsolutions\lib\site-packages\django\db\models\query.py", line 453, in create
    obj.save(force_insert=True, using=self.db)
  File "C:\Users\user\Envs\advbizsolutions\lib\site-packages\django\db\models\base.py", line 726, in save
    self.save_base(using=using, force_insert=force_insert,
  File "C:\Users\user\Envs\advbizsolutions\lib\site-packages\django\db\models\base.py", line 763, in save_base
    updated = self._save_table(
  File "C:\Users\user\Envs\advbizsolutions\lib\site-packages\django\db\models\base.py", line 868, in _save_table
    results = self._do_insert(cls._base_manager, using, fields, returning_fields, raw)
  File "C:\Users\user\Envs\advbizsolutions\lib\site-packages\django\db\models\base.py", line 906, in _do_insert
    return manager._insert(
  File "C:\Users\user\Envs\advbizsolutions\lib\site-packages\django\db\models\manager.py", line 85, in manager_method
    return getattr(self.get_queryset(), name)(*args, **kwargs)
  File "C:\Users\user\Envs\advbizsolutions\lib\site-packages\django\db\models\query.py", line 1270, in _insert
    return query.get_compiler(using=using).execute_sql(returning_fields)
  File "C:\Users\user\Envs\advbizsolutions\lib\site-packages\django\db\models\sql\compiler.py", line 1415, in execute_sql
    for sql, params in self.as_sql():
  File "C:\Users\user\Envs\advbizsolutions\lib\site-packages\django\db\models\sql\compiler.py", line 1358, in as_sql
    value_rows = [
  File "C:\Users\user\Envs\advbizsolutions\lib\site-packages\django\db\models\sql\compiler.py", line 1359, in <listcomp>
    [self.prepare_value(field, self.pre_save_val(field, obj)) for field in fields]
  File "C:\Users\user\Envs\advbizsolutions\lib\site-packages\django\db\models\sql\compiler.py", line 1359, in <listcomp>
    [self.prepare_value(field, self.pre_save_val(field, obj)) for field in fields]
  File "C:\Users\user\Envs\advbizsolutions\lib\site-packages\django\db\models\sql\compiler.py", line 1300, in prepare_value
    value = field.get_db_prep_save(value, connection=self.connection)
  File "C:\Users\user\Envs\advbizsolutions\lib\site-packages\django\db\models\fields\__init__.py", line 842, in get_db_prep_save
    return self.get_db_prep_value(value, connection=connection, prepared=False)
  File "C:\Users\user\Envs\advbizsolutions\lib\site-packages\django\db\models\fields\__init__.py", line 837, in get_db_prep_value
    value = self.get_prep_value(value)
  File "C:\Users\user\Envs\advbizsolutions\lib\site-packages\django\db\models\fields\__init__.py", line 1825, in get_prep_value
    raise e.__class__(
ValueError: Field 'attribute_position' expected a number but got ''.
[2021-05-26 19:06:35] ERROR Error in Validating File!!!
Traceback (most recent call last):
  File "C:\Users\user\Envs\advbizsolutions\lib\site-packages\django\db\models\fields\__init__.py", line 1823, in get_prep_value
    return int(value)
ValueError: invalid literal for int() with base 10: ''

The above exception was the direct cause of the following exception:

Traceback (most recent call last):
  File "D:\AdvBizSolutions\FinanceControlledApplication\Sources\source\views.py", line 504, in get_field_list_details
    MasterSourceDefinitions.objects.create(
  File "C:\Users\user\Envs\advbizsolutions\lib\site-packages\django\db\models\manager.py", line 85, in manager_method
    return getattr(self.get_queryset(), name)(*args, **kwargs)
  File "C:\Users\user\Envs\advbizsolutions\lib\site-packages\django\db\models\query.py", line 453, in create
    obj.save(force_insert=True, using=self.db)
  File "C:\Users\user\Envs\advbizsolutions\lib\site-packages\django\db\models\base.py", line 726, in save
    self.save_base(using=using, force_insert=force_insert,
  File "C:\Users\user\Envs\advbizsolutions\lib\site-packages\django\db\models\base.py", line 763, in save_base
    updated = self._save_table(
  File "C:\Users\user\Envs\advbizsolutions\lib\site-packages\django\db\models\base.py", line 868, in _save_table
    results = self._do_insert(cls._base_manager, using, fields, returning_fields, raw)
  File "C:\Users\user\Envs\advbizsolutions\lib\site-packages\django\db\models\base.py", line 906, in _do_insert
    return manager._insert(
  File "C:\Users\user\Envs\advbizsolutions\lib\site-packages\django\db\models\manager.py", line 85, in manager_method
    return getattr(self.get_queryset(), name)(*args, **kwargs)
  File "C:\Users\user\Envs\advbizsolutions\lib\site-packages\django\db\models\query.py", line 1270, in _insert
    return query.get_compiler(using=using).execute_sql(returning_fields)
  File "C:\Users\user\Envs\advbizsolutions\lib\site-packages\django\db\models\sql\compiler.py", line 1415, in execute_sql
    for sql, params in self.as_sql():
  File "C:\Users\user\Envs\advbizsolutions\lib\site-packages\django\db\models\sql\compiler.py", line 1358, in as_sql
    value_rows = [
  File "C:\Users\user\Envs\advbizsolutions\lib\site-packages\django\db\models\sql\compiler.py", line 1359, in <listcomp>
    [self.prepare_value(field, self.pre_save_val(field, obj)) for field in fields]
  File "C:\Users\user\Envs\advbizsolutions\lib\site-packages\django\db\models\sql\compiler.py", line 1359, in <listcomp>
    [self.prepare_value(field, self.pre_save_val(field, obj)) for field in fields]
  File "C:\Users\user\Envs\advbizsolutions\lib\site-packages\django\db\models\sql\compiler.py", line 1300, in prepare_value
    value = field.get_db_prep_save(value, connection=self.connection)
  File "C:\Users\user\Envs\advbizsolutions\lib\site-packages\django\db\models\fields\__init__.py", line 842, in get_db_prep_save
    return self.get_db_prep_value(value, connection=connection, prepared=False)
  File "C:\Users\user\Envs\advbizsolutions\lib\site-packages\django\db\models\fields\__init__.py", line 837, in get_db_prep_value
    value = self.get_prep_value(value)
  File "C:\Users\user\Envs\advbizsolutions\lib\site-packages\django\db\models\fields\__init__.py", line 1825, in get_prep_value
    raise e.__class__(
ValueError: Field 'attribute_position' expected a number but got ''.
[2021-05-26 19:07:19] ERROR Error in Validating File!!!
Traceback (most recent call last):
  File "D:\AdvBizSolutions\FinanceControlledApplication\Sources\source\views.py", line 504, in get_field_list_details
    MasterSourceDefinitions.objects.create(
  File "C:\Users\user\Envs\advbizsolutions\lib\site-packages\django\db\models\manager.py", line 85, in manager_method
    return getattr(self.get_queryset(), name)(*args, **kwargs)
  File "C:\Users\user\Envs\advbizsolutions\lib\site-packages\django\db\models\query.py", line 453, in create
    obj.save(force_insert=True, using=self.db)
  File "C:\Users\user\Envs\advbizsolutions\lib\site-packages\django\db\models\base.py", line 726, in save
    self.save_base(using=using, force_insert=force_insert,
  File "C:\Users\user\Envs\advbizsolutions\lib\site-packages\django\db\models\base.py", line 763, in save_base
    updated = self._save_table(
  File "C:\Users\user\Envs\advbizsolutions\lib\site-packages\django\db\models\base.py", line 868, in _save_table
    results = self._do_insert(cls._base_manager, using, fields, returning_fields, raw)
  File "C:\Users\user\Envs\advbizsolutions\lib\site-packages\django\db\models\base.py", line 906, in _do_insert
    return manager._insert(
  File "C:\Users\user\Envs\advbizsolutions\lib\site-packages\django\db\models\manager.py", line 85, in manager_method
    return getattr(self.get_queryset(), name)(*args, **kwargs)
  File "C:\Users\user\Envs\advbizsolutions\lib\site-packages\django\db\models\query.py", line 1270, in _insert
    return query.get_compiler(using=using).execute_sql(returning_fields)
  File "C:\Users\user\Envs\advbizsolutions\lib\site-packages\django\db\models\sql\compiler.py", line 1415, in execute_sql
    for sql, params in self.as_sql():
  File "C:\Users\user\Envs\advbizsolutions\lib\site-packages\django\db\models\sql\compiler.py", line 1358, in as_sql
    value_rows = [
  File "C:\Users\user\Envs\advbizsolutions\lib\site-packages\django\db\models\sql\compiler.py", line 1359, in <listcomp>
    [self.prepare_value(field, self.pre_save_val(field, obj)) for field in fields]
  File "C:\Users\user\Envs\advbizsolutions\lib\site-packages\django\db\models\sql\compiler.py", line 1359, in <listcomp>
    [self.prepare_value(field, self.pre_save_val(field, obj)) for field in fields]
  File "C:\Users\user\Envs\advbizsolutions\lib\site-packages\django\db\models\sql\compiler.py", line 1300, in prepare_value
    value = field.get_db_prep_save(value, connection=self.connection)
  File "C:\Users\user\Envs\advbizsolutions\lib\site-packages\django\db\models\fields\__init__.py", line 842, in get_db_prep_save
    return self.get_db_prep_value(value, connection=connection, prepared=False)
  File "C:\Users\user\Envs\advbizsolutions\lib\site-packages\django\db\models\fields\__init__.py", line 837, in get_db_prep_value
    value = self.get_prep_value(value)
  File "C:\Users\user\Envs\advbizsolutions\lib\site-packages\django\db\models\fields\__init__.py", line 986, in get_prep_value
    return self.to_python(value)
  File "C:\Users\user\Envs\advbizsolutions\lib\site-packages\django\db\models\fields\__init__.py", line 976, in to_python
    raise exceptions.ValidationError(
django.core.exceptions.ValidationError: ['“” value must be either True or False.']
[2021-05-26 19:07:55] ERROR Error in Validating File!!!
Traceback (most recent call last):
  File "D:\AdvBizSolutions\FinanceControlledApplication\Sources\source\views.py", line 504, in get_field_list_details
    MasterSourceDefinitions.objects.create(
  File "C:\Users\user\Envs\advbizsolutions\lib\site-packages\django\db\models\manager.py", line 85, in manager_method
    return getattr(self.get_queryset(), name)(*args, **kwargs)
  File "C:\Users\user\Envs\advbizsolutions\lib\site-packages\django\db\models\query.py", line 453, in create
    obj.save(force_insert=True, using=self.db)
  File "C:\Users\user\Envs\advbizsolutions\lib\site-packages\django\db\models\base.py", line 726, in save
    self.save_base(using=using, force_insert=force_insert,
  File "C:\Users\user\Envs\advbizsolutions\lib\site-packages\django\db\models\base.py", line 763, in save_base
    updated = self._save_table(
  File "C:\Users\user\Envs\advbizsolutions\lib\site-packages\django\db\models\base.py", line 868, in _save_table
    results = self._do_insert(cls._base_manager, using, fields, returning_fields, raw)
  File "C:\Users\user\Envs\advbizsolutions\lib\site-packages\django\db\models\base.py", line 906, in _do_insert
    return manager._insert(
  File "C:\Users\user\Envs\advbizsolutions\lib\site-packages\django\db\models\manager.py", line 85, in manager_method
    return getattr(self.get_queryset(), name)(*args, **kwargs)
  File "C:\Users\user\Envs\advbizsolutions\lib\site-packages\django\db\models\query.py", line 1270, in _insert
    return query.get_compiler(using=using).execute_sql(returning_fields)
  File "C:\Users\user\Envs\advbizsolutions\lib\site-packages\django\db\models\sql\compiler.py", line 1415, in execute_sql
    for sql, params in self.as_sql():
  File "C:\Users\user\Envs\advbizsolutions\lib\site-packages\django\db\models\sql\compiler.py", line 1358, in as_sql
    value_rows = [
  File "C:\Users\user\Envs\advbizsolutions\lib\site-packages\django\db\models\sql\compiler.py", line 1359, in <listcomp>
    [self.prepare_value(field, self.pre_save_val(field, obj)) for field in fields]
  File "C:\Users\user\Envs\advbizsolutions\lib\site-packages\django\db\models\sql\compiler.py", line 1359, in <listcomp>
    [self.prepare_value(field, self.pre_save_val(field, obj)) for field in fields]
  File "C:\Users\user\Envs\advbizsolutions\lib\site-packages\django\db\models\sql\compiler.py", line 1300, in prepare_value
    value = field.get_db_prep_save(value, connection=self.connection)
  File "C:\Users\user\Envs\advbizsolutions\lib\site-packages\django\db\models\fields\__init__.py", line 842, in get_db_prep_save
    return self.get_db_prep_value(value, connection=connection, prepared=False)
  File "C:\Users\user\Envs\advbizsolutions\lib\site-packages\django\db\models\fields\__init__.py", line 837, in get_db_prep_value
    value = self.get_prep_value(value)
  File "C:\Users\user\Envs\advbizsolutions\lib\site-packages\django\db\models\fields\__init__.py", line 986, in get_prep_value
    return self.to_python(value)
  File "C:\Users\user\Envs\advbizsolutions\lib\site-packages\django\db\models\fields\__init__.py", line 976, in to_python
    raise exceptions.ValidationError(
django.core.exceptions.ValidationError: ['“” value must be either True or False.']
[2021-05-26 19:14:27] ERROR Error in Validating File!!!
Traceback (most recent call last):
  File "D:\AdvBizSolutions\FinanceControlledApplication\Sources\source\views.py", line 509, in get_field_list_details
    MasterSourceDefinitions.objects.create(
  File "C:\Users\user\Envs\advbizsolutions\lib\site-packages\django\db\models\manager.py", line 85, in manager_method
    return getattr(self.get_queryset(), name)(*args, **kwargs)
  File "C:\Users\user\Envs\advbizsolutions\lib\site-packages\django\db\models\query.py", line 453, in create
    obj.save(force_insert=True, using=self.db)
  File "C:\Users\user\Envs\advbizsolutions\lib\site-packages\django\db\models\base.py", line 726, in save
    self.save_base(using=using, force_insert=force_insert,
  File "C:\Users\user\Envs\advbizsolutions\lib\site-packages\django\db\models\base.py", line 763, in save_base
    updated = self._save_table(
  File "C:\Users\user\Envs\advbizsolutions\lib\site-packages\django\db\models\base.py", line 868, in _save_table
    results = self._do_insert(cls._base_manager, using, fields, returning_fields, raw)
  File "C:\Users\user\Envs\advbizsolutions\lib\site-packages\django\db\models\base.py", line 906, in _do_insert
    return manager._insert(
  File "C:\Users\user\Envs\advbizsolutions\lib\site-packages\django\db\models\manager.py", line 85, in manager_method
    return getattr(self.get_queryset(), name)(*args, **kwargs)
  File "C:\Users\user\Envs\advbizsolutions\lib\site-packages\django\db\models\query.py", line 1270, in _insert
    return query.get_compiler(using=using).execute_sql(returning_fields)
  File "C:\Users\user\Envs\advbizsolutions\lib\site-packages\django\db\models\sql\compiler.py", line 1415, in execute_sql
    for sql, params in self.as_sql():
  File "C:\Users\user\Envs\advbizsolutions\lib\site-packages\django\db\models\sql\compiler.py", line 1358, in as_sql
    value_rows = [
  File "C:\Users\user\Envs\advbizsolutions\lib\site-packages\django\db\models\sql\compiler.py", line 1359, in <listcomp>
    [self.prepare_value(field, self.pre_save_val(field, obj)) for field in fields]
  File "C:\Users\user\Envs\advbizsolutions\lib\site-packages\django\db\models\sql\compiler.py", line 1359, in <listcomp>
    [self.prepare_value(field, self.pre_save_val(field, obj)) for field in fields]
  File "C:\Users\user\Envs\advbizsolutions\lib\site-packages\django\db\models\sql\compiler.py", line 1300, in prepare_value
    value = field.get_db_prep_save(value, connection=self.connection)
  File "C:\Users\user\Envs\advbizsolutions\lib\site-packages\django\db\models\fields\__init__.py", line 842, in get_db_prep_save
    return self.get_db_prep_value(value, connection=connection, prepared=False)
  File "C:\Users\user\Envs\advbizsolutions\lib\site-packages\django\db\models\fields\__init__.py", line 837, in get_db_prep_value
    value = self.get_prep_value(value)
  File "C:\Users\user\Envs\advbizsolutions\lib\site-packages\django\db\models\fields\__init__.py", line 986, in get_prep_value
    return self.to_python(value)
  File "C:\Users\user\Envs\advbizsolutions\lib\site-packages\django\db\models\fields\__init__.py", line 976, in to_python
    raise exceptions.ValidationError(
django.core.exceptions.ValidationError: ['“” value must be either True or False.']
[2021-05-26 19:16:16] ERROR Error in Validating File!!!
Traceback (most recent call last):
  File "D:\AdvBizSolutions\FinanceControlledApplication\Sources\source\views.py", line 557, in get_field_list_details
    table_create_query=json.loads(table_create_query)
UnboundLocalError: local variable 'table_create_query' referenced before assignment
[2021-05-26 19:17:44] ERROR Error in Validating File!!!
Traceback (most recent call last):
  File "D:\AdvBizSolutions\FinanceControlledApplication\Sources\source\views.py", line 558, in get_field_list_details
    table_create_query=json.loads(table_create_query)
  File "c:\users\user\appdata\local\programs\python\python38\lib\json\__init__.py", line 357, in loads
    return _default_decoder.decode(s)
  File "c:\users\user\appdata\local\programs\python\python38\lib\json\decoder.py", line 337, in decode
    obj, end = self.raw_decode(s, idx=_w(s, 0).end())
  File "c:\users\user\appdata\local\programs\python\python38\lib\json\decoder.py", line 355, in raw_decode
    raise JSONDecodeError("Expecting value", s, err.value) from None
json.decoder.JSONDecodeError: Expecting value: line 1 column 1 (char 0)
[2021-05-26 19:20:01] ERROR Error in Validating File!!!
Traceback (most recent call last):
  File "D:\AdvBizSolutions\FinanceControlledApplication\Sources\source\views.py", line 559, in get_field_list_details
    table_create_query=json.loads(table_create_query)
  File "c:\users\user\appdata\local\programs\python\python38\lib\json\__init__.py", line 357, in loads
    return _default_decoder.decode(s)
  File "c:\users\user\appdata\local\programs\python\python38\lib\json\decoder.py", line 337, in decode
    obj, end = self.raw_decode(s, idx=_w(s, 0).end())
  File "c:\users\user\appdata\local\programs\python\python38\lib\json\decoder.py", line 355, in raw_decode
    raise JSONDecodeError("Expecting value", s, err.value) from None
json.decoder.JSONDecodeError: Expecting value: line 1 column 1 (char 0)
[2021-05-26 19:20:48] ERROR Error in Validating File!!!
Traceback (most recent call last):
  File "D:\AdvBizSolutions\FinanceControlledApplication\Sources\source\views.py", line 559, in get_field_list_details
    table_create_query=json.loads(table_create_query)
  File "c:\users\user\appdata\local\programs\python\python38\lib\json\__init__.py", line 341, in loads
    raise TypeError(f'the JSON object must be str, bytes or bytearray, '
TypeError: the JSON object must be str, bytes or bytearray, not dict
[2021-05-26 19:21:14] ERROR Error in Validating File!!!
Traceback (most recent call last):
  File "D:\AdvBizSolutions\FinanceControlledApplication\Sources\source\views.py", line 559, in get_field_list_details
    table_create_query=json.loads(table_create_query)
  File "c:\users\user\appdata\local\programs\python\python38\lib\json\__init__.py", line 341, in loads
    raise TypeError(f'the JSON object must be str, bytes or bytearray, '
TypeError: the JSON object must be str, bytes or bytearray, not dict
[2021-05-26 19:22:49] ERROR Error in Validating File!!!
Traceback (most recent call last):
  File "D:\AdvBizSolutions\FinanceControlledApplication\Sources\source\views.py", line 559, in get_field_list_details
    table_create_query=json.loads(table_create_query)
  File "c:\users\user\appdata\local\programs\python\python38\lib\json\__init__.py", line 341, in loads
    raise TypeError(f'the JSON object must be str, bytes or bytearray, '
TypeError: the JSON object must be str, bytes or bytearray, not dict
[2021-05-26 19:23:03] INFO Executing SQL Query..
[2021-05-26 19:23:03] INFO CREATE TABLE IF NOT EXISTS `7fb8a826-8f01-46fd-a1cb-fe81f01a2af5`(`id` INT(11) NOT NULL PRIMARY KEY AUTO_INCREMENT, `tenants_id` SMALLINT(5) DEFAULT NULL, `groups_id` SMALLINT(5) DEFAULT NULL, `entities_id` SMALLINT(5) DEFAULT NULL, `file_uploads_id` SMALLINT(5) DEFAULT NULL, `m_source_id` SMALLINT(5) DEFAULT NULL, `m_source_name` LONGTEXT DEFAULT NULL, `processing_status` LONGTEXT DEFAULT NULL, `processing_date_time` DATETIME(6) DEFAULT NULL,`reference_field_13, `reference_field_14, `reference_field_15, `is_active` TINYINT(1) DEFAULT 1,`created_by` SMALLINT(5) DEFAULT NULL,`created_date` DATETIME(6),`modified_by` SMALLINT(5) DEFAULT NULL,`modified_date` DATETIME(6));
[2021-05-26 19:23:03] INFO Error Executing SQL Query!!
Traceback (most recent call last):
  File "C:\Users\user\Envs\advbizsolutions\lib\site-packages\django\db\backends\utils.py", line 82, in _execute
    return self.cursor.execute(sql)
  File "C:\Users\user\Envs\advbizsolutions\lib\site-packages\django\db\backends\mysql\base.py", line 73, in execute
    return self.cursor.execute(query, args)
  File "C:\Users\user\Envs\advbizsolutions\lib\site-packages\MySQLdb\cursors.py", line 206, in execute
    res = self._query(query)
  File "C:\Users\user\Envs\advbizsolutions\lib\site-packages\MySQLdb\cursors.py", line 319, in _query
    db.query(q)
  File "C:\Users\user\Envs\advbizsolutions\lib\site-packages\MySQLdb\connections.py", line 259, in query
    _mysql.connection.query(self, query)
MySQLdb._exceptions.ProgrammingError: (1064, "You have an error in your SQL syntax; check the manual that corresponds to your MySQL server version for the right syntax to use near 'reference_field_14, `reference_field_15, `is_active` TINYINT(1) DEFAULT 1,`creat' at line 1")

The above exception was the direct cause of the following exception:

Traceback (most recent call last):
  File "D:\AdvBizSolutions\FinanceControlledApplication\Sources\source\views.py", line 705, in execute_sql_query
    cursor.execute(query)
  File "C:\Users\user\Envs\advbizsolutions\lib\site-packages\django\db\backends\utils.py", line 98, in execute
    return super().execute(sql, params)
  File "C:\Users\user\Envs\advbizsolutions\lib\site-packages\django\db\backends\utils.py", line 66, in execute
    return self._execute_with_wrappers(sql, params, many=False, executor=self._execute)
  File "C:\Users\user\Envs\advbizsolutions\lib\site-packages\django\db\backends\utils.py", line 75, in _execute_with_wrappers
    return executor(sql, params, many, context)
  File "C:\Users\user\Envs\advbizsolutions\lib\site-packages\django\db\backends\utils.py", line 84, in _execute
    return self.cursor.execute(sql, params)
  File "C:\Users\user\Envs\advbizsolutions\lib\site-packages\django\db\utils.py", line 90, in __exit__
    raise dj_exc_value.with_traceback(traceback) from exc_value
  File "C:\Users\user\Envs\advbizsolutions\lib\site-packages\django\db\backends\utils.py", line 82, in _execute
    return self.cursor.execute(sql)
  File "C:\Users\user\Envs\advbizsolutions\lib\site-packages\django\db\backends\mysql\base.py", line 73, in execute
    return self.cursor.execute(query, args)
  File "C:\Users\user\Envs\advbizsolutions\lib\site-packages\MySQLdb\cursors.py", line 206, in execute
    res = self._query(query)
  File "C:\Users\user\Envs\advbizsolutions\lib\site-packages\MySQLdb\cursors.py", line 319, in _query
    db.query(q)
  File "C:\Users\user\Envs\advbizsolutions\lib\site-packages\MySQLdb\connections.py", line 259, in query
    _mysql.connection.query(self, query)
django.db.utils.ProgrammingError: (1064, "You have an error in your SQL syntax; check the manual that corresponds to your MySQL server version for the right syntax to use near 'reference_field_14, `reference_field_15, `is_active` TINYINT(1) DEFAULT 1,`creat' at line 1")
[2021-05-26 19:23:03] ERROR Error in Validating File!!!
Traceback (most recent call last):
  File "D:\AdvBizSolutions\FinanceControlledApplication\Sources\source\views.py", line 581, in get_field_list_details
    insertQuery = json.loads(insertQuery)
  File "c:\users\user\appdata\local\programs\python\python38\lib\json\__init__.py", line 341, in loads
    raise TypeError(f'the JSON object must be str, bytes or bytearray, '
TypeError: the JSON object must be str, bytes or bytearray, not dict
[2021-05-26 21:18:18] INFO Executing SQL Query..
[2021-05-26 21:18:18] INFO CREATE TABLE IF NOT EXISTS `7fb8a826-8f01-46fd-a1cb-fe81f01a2af5`(`id` INT(11) NOT NULL PRIMARY KEY AUTO_INCREMENT, `tenants_id` SMALLINT(5) DEFAULT NULL, `groups_id` SMALLINT(5) DEFAULT NULL, `entities_id` SMALLINT(5) DEFAULT NULL, `file_uploads_id` SMALLINT(5) DEFAULT NULL, `m_source_id` SMALLINT(5) DEFAULT NULL, `m_source_name` LONGTEXT DEFAULT NULL, `processing_status` LONGTEXT DEFAULT NULL, `processing_date_time` DATETIME(6) DEFAULT NULL,`reference_field_13, `reference_field_14, `reference_field_15, `is_active` TINYINT(1) DEFAULT 1,`created_by` SMALLINT(5) DEFAULT NULL,`created_date` DATETIME(6),`modified_by` SMALLINT(5) DEFAULT NULL,`modified_date` DATETIME(6));
[2021-05-26 21:18:18] INFO Error Executing SQL Query!!
Traceback (most recent call last):
  File "C:\Users\user\Envs\advbizsolutions\lib\site-packages\django\db\backends\utils.py", line 82, in _execute
    return self.cursor.execute(sql)
  File "C:\Users\user\Envs\advbizsolutions\lib\site-packages\django\db\backends\mysql\base.py", line 73, in execute
    return self.cursor.execute(query, args)
  File "C:\Users\user\Envs\advbizsolutions\lib\site-packages\MySQLdb\cursors.py", line 206, in execute
    res = self._query(query)
  File "C:\Users\user\Envs\advbizsolutions\lib\site-packages\MySQLdb\cursors.py", line 319, in _query
    db.query(q)
  File "C:\Users\user\Envs\advbizsolutions\lib\site-packages\MySQLdb\connections.py", line 259, in query
    _mysql.connection.query(self, query)
MySQLdb._exceptions.ProgrammingError: (1064, "You have an error in your SQL syntax; check the manual that corresponds to your MySQL server version for the right syntax to use near 'reference_field_14, `reference_field_15, `is_active` TINYINT(1) DEFAULT 1,`creat' at line 1")

The above exception was the direct cause of the following exception:

Traceback (most recent call last):
  File "D:\AdvBizSolutions\FinanceControlledApplication\Sources\source\views.py", line 705, in execute_sql_query
    cursor.execute(query)
  File "C:\Users\user\Envs\advbizsolutions\lib\site-packages\django\db\backends\utils.py", line 98, in execute
    return super().execute(sql, params)
  File "C:\Users\user\Envs\advbizsolutions\lib\site-packages\django\db\backends\utils.py", line 66, in execute
    return self._execute_with_wrappers(sql, params, many=False, executor=self._execute)
  File "C:\Users\user\Envs\advbizsolutions\lib\site-packages\django\db\backends\utils.py", line 75, in _execute_with_wrappers
    return executor(sql, params, many, context)
  File "C:\Users\user\Envs\advbizsolutions\lib\site-packages\django\db\backends\utils.py", line 84, in _execute
    return self.cursor.execute(sql, params)
  File "C:\Users\user\Envs\advbizsolutions\lib\site-packages\django\db\utils.py", line 90, in __exit__
    raise dj_exc_value.with_traceback(traceback) from exc_value
  File "C:\Users\user\Envs\advbizsolutions\lib\site-packages\django\db\backends\utils.py", line 82, in _execute
    return self.cursor.execute(sql)
  File "C:\Users\user\Envs\advbizsolutions\lib\site-packages\django\db\backends\mysql\base.py", line 73, in execute
    return self.cursor.execute(query, args)
  File "C:\Users\user\Envs\advbizsolutions\lib\site-packages\MySQLdb\cursors.py", line 206, in execute
    res = self._query(query)
  File "C:\Users\user\Envs\advbizsolutions\lib\site-packages\MySQLdb\cursors.py", line 319, in _query
    db.query(q)
  File "C:\Users\user\Envs\advbizsolutions\lib\site-packages\MySQLdb\connections.py", line 259, in query
    _mysql.connection.query(self, query)
django.db.utils.ProgrammingError: (1064, "You have an error in your SQL syntax; check the manual that corresponds to your MySQL server version for the right syntax to use near 'reference_field_14, `reference_field_15, `is_active` TINYINT(1) DEFAULT 1,`creat' at line 1")
[2021-05-26 21:18:18] ERROR Error in Validating File!!!
Traceback (most recent call last):
  File "D:\AdvBizSolutions\FinanceControlledApplication\Sources\source\views.py", line 581, in get_field_list_details
    insertQuery = json.loads(insertQuery)
  File "c:\users\user\appdata\local\programs\python\python38\lib\json\__init__.py", line 341, in loads
    raise TypeError(f'the JSON object must be str, bytes or bytearray, '
TypeError: the JSON object must be str, bytes or bytearray, not dict
[2021-05-26 21:26:05] ERROR Error in Validating File!!!
Traceback (most recent call last):
  File "D:\AdvBizSolutions\FinanceControlledApplication\Sources\source\views.py", line 546, in get_field_list_details
    attributes_list.append(source.attribute_reference_field)
AttributeError: 'MasterSources' object has no attribute 'attribute_reference_field'
[2021-05-26 21:27:27] ERROR Error in Creating Table from attribute list!!!
Traceback (most recent call last):
  File "D:\AdvBizSolutions\FinanceControlledApplication\Sources\source\views.py", line 662, in get_create_table
    for k,v in attributes.items():
AttributeError: 'str' object has no attribute 'items'
[2021-05-26 21:30:14] ERROR Error in Creating Table from attribute list!!!
Traceback (most recent call last):
  File "D:\AdvBizSolutions\FinanceControlledApplication\Sources\source\views.py", line 668, in get_create_table
    field_string = field_string + "`" + attribute_reference_field +  ", "
NameError: name 'attribute_reference_field' is not defined
[2021-05-26 21:37:25] INFO Executing SQL Query..
[2021-05-26 21:37:25] INFO CREATE TABLE IF NOT EXISTS `7fb8a826-8f01-46fd-a1cb-fe81f01a2af5`(`id` INT(11) NOT NULL PRIMARY KEY AUTO_INCREMENT, `tenants_id` SMALLINT(5) DEFAULT NULL, `groups_id` SMALLINT(5) DEFAULT NULL, `entities_id` SMALLINT(5) DEFAULT NULL, `file_uploads_id` SMALLINT(5) DEFAULT NULL, `m_source_id` SMALLINT(5) DEFAULT NULL, `m_source_name` LONGTEXT DEFAULT NULL, `processing_status` LONGTEXT DEFAULT NULL, `processing_date_time` DATETIME(6) DEFAULT NULL,`reference_field_1 VARCHAR(64) DEFAULT NULL, `reference_field_2 VARCHAR(64) DEFAULT NULL, `reference_field_3 VARCHAR(64) DEFAULT NULL, `is_active` TINYINT(1) DEFAULT 1,`created_by` SMALLINT(5) DEFAULT NULL,`created_date` DATETIME(6),`modified_by` SMALLINT(5) DEFAULT NULL,`modified_date` DATETIME(6));
[2021-05-26 21:37:25] INFO Error Executing SQL Query!!
Traceback (most recent call last):
  File "C:\Users\user\Envs\advbizsolutions\lib\site-packages\django\db\backends\utils.py", line 82, in _execute
    return self.cursor.execute(sql)
  File "C:\Users\user\Envs\advbizsolutions\lib\site-packages\django\db\backends\mysql\base.py", line 73, in execute
    return self.cursor.execute(query, args)
  File "C:\Users\user\Envs\advbizsolutions\lib\site-packages\MySQLdb\cursors.py", line 206, in execute
    res = self._query(query)
  File "C:\Users\user\Envs\advbizsolutions\lib\site-packages\MySQLdb\cursors.py", line 319, in _query
    db.query(q)
  File "C:\Users\user\Envs\advbizsolutions\lib\site-packages\MySQLdb\connections.py", line 259, in query
    _mysql.connection.query(self, query)
MySQLdb._exceptions.ProgrammingError: (1064, "You have an error in your SQL syntax; check the manual that corresponds to your MySQL server version for the right syntax to use near 'reference_field_2 VARCHAR(64) DEFAULT NULL, `reference_field_3 VARCHAR(64) DEFAU' at line 1")

The above exception was the direct cause of the following exception:

Traceback (most recent call last):
  File "D:\AdvBizSolutions\FinanceControlledApplication\Sources\source\views.py", line 707, in execute_sql_query
    cursor.execute(query)
  File "C:\Users\user\Envs\advbizsolutions\lib\site-packages\django\db\backends\utils.py", line 98, in execute
    return super().execute(sql, params)
  File "C:\Users\user\Envs\advbizsolutions\lib\site-packages\django\db\backends\utils.py", line 66, in execute
    return self._execute_with_wrappers(sql, params, many=False, executor=self._execute)
  File "C:\Users\user\Envs\advbizsolutions\lib\site-packages\django\db\backends\utils.py", line 75, in _execute_with_wrappers
    return executor(sql, params, many, context)
  File "C:\Users\user\Envs\advbizsolutions\lib\site-packages\django\db\backends\utils.py", line 84, in _execute
    return self.cursor.execute(sql, params)
  File "C:\Users\user\Envs\advbizsolutions\lib\site-packages\django\db\utils.py", line 90, in __exit__
    raise dj_exc_value.with_traceback(traceback) from exc_value
  File "C:\Users\user\Envs\advbizsolutions\lib\site-packages\django\db\backends\utils.py", line 82, in _execute
    return self.cursor.execute(sql)
  File "C:\Users\user\Envs\advbizsolutions\lib\site-packages\django\db\backends\mysql\base.py", line 73, in execute
    return self.cursor.execute(query, args)
  File "C:\Users\user\Envs\advbizsolutions\lib\site-packages\MySQLdb\cursors.py", line 206, in execute
    res = self._query(query)
  File "C:\Users\user\Envs\advbizsolutions\lib\site-packages\MySQLdb\cursors.py", line 319, in _query
    db.query(q)
  File "C:\Users\user\Envs\advbizsolutions\lib\site-packages\MySQLdb\connections.py", line 259, in query
    _mysql.connection.query(self, query)
django.db.utils.ProgrammingError: (1064, "You have an error in your SQL syntax; check the manual that corresponds to your MySQL server version for the right syntax to use near 'reference_field_2 VARCHAR(64) DEFAULT NULL, `reference_field_3 VARCHAR(64) DEFAU' at line 1")
[2021-05-26 21:37:25] ERROR Error in Validating File!!!
Traceback (most recent call last):
  File "D:\AdvBizSolutions\FinanceControlledApplication\Sources\source\views.py", line 583, in get_field_list_details
    insertQuery = json.loads(insertQuery)
  File "c:\users\user\appdata\local\programs\python\python38\lib\json\__init__.py", line 341, in loads
    raise TypeError(f'the JSON object must be str, bytes or bytearray, '
TypeError: the JSON object must be str, bytes or bytearray, not dict
[2021-05-26 21:38:23] INFO Executing SQL Query..
[2021-05-26 21:38:23] INFO CREATE TABLE IF NOT EXISTS `7fb8a826-8f01-46fd-a1cb-fe81f01a2af5`(`id` INT(11) NOT NULL PRIMARY KEY AUTO_INCREMENT, `tenants_id` SMALLINT(5) DEFAULT NULL, `groups_id` SMALLINT(5) DEFAULT NULL, `entities_id` SMALLINT(5) DEFAULT NULL, `file_uploads_id` SMALLINT(5) DEFAULT NULL, `m_source_id` SMALLINT(5) DEFAULT NULL, `m_source_name` LONGTEXT DEFAULT NULL, `processing_status` LONGTEXT DEFAULT NULL, `processing_date_time` DATETIME(6) DEFAULT NULL,`reference_field_1 VARCHAR(64) DEFAULT NULL, `reference_field_2 VARCHAR(64) DEFAULT NULL, `reference_field_3 VARCHAR(64) DEFAULT NULL, `is_active` TINYINT(1) DEFAULT 1,`created_by` SMALLINT(5) DEFAULT NULL,`created_date` DATETIME(6),`modified_by` SMALLINT(5) DEFAULT NULL,`modified_date` DATETIME(6));
[2021-05-26 21:38:23] INFO Error Executing SQL Query!!
Traceback (most recent call last):
  File "C:\Users\user\Envs\advbizsolutions\lib\site-packages\django\db\backends\utils.py", line 82, in _execute
    return self.cursor.execute(sql)
  File "C:\Users\user\Envs\advbizsolutions\lib\site-packages\django\db\backends\mysql\base.py", line 73, in execute
    return self.cursor.execute(query, args)
  File "C:\Users\user\Envs\advbizsolutions\lib\site-packages\MySQLdb\cursors.py", line 206, in execute
    res = self._query(query)
  File "C:\Users\user\Envs\advbizsolutions\lib\site-packages\MySQLdb\cursors.py", line 319, in _query
    db.query(q)
  File "C:\Users\user\Envs\advbizsolutions\lib\site-packages\MySQLdb\connections.py", line 259, in query
    _mysql.connection.query(self, query)
MySQLdb._exceptions.ProgrammingError: (1064, "You have an error in your SQL syntax; check the manual that corresponds to your MySQL server version for the right syntax to use near 'reference_field_2 VARCHAR(64) DEFAULT NULL, `reference_field_3 VARCHAR(64) DEFAU' at line 1")

The above exception was the direct cause of the following exception:

Traceback (most recent call last):
  File "D:\AdvBizSolutions\FinanceControlledApplication\Sources\source\views.py", line 707, in execute_sql_query
    cursor.execute(query)
  File "C:\Users\user\Envs\advbizsolutions\lib\site-packages\django\db\backends\utils.py", line 98, in execute
    return super().execute(sql, params)
  File "C:\Users\user\Envs\advbizsolutions\lib\site-packages\django\db\backends\utils.py", line 66, in execute
    return self._execute_with_wrappers(sql, params, many=False, executor=self._execute)
  File "C:\Users\user\Envs\advbizsolutions\lib\site-packages\django\db\backends\utils.py", line 75, in _execute_with_wrappers
    return executor(sql, params, many, context)
  File "C:\Users\user\Envs\advbizsolutions\lib\site-packages\django\db\backends\utils.py", line 84, in _execute
    return self.cursor.execute(sql, params)
  File "C:\Users\user\Envs\advbizsolutions\lib\site-packages\django\db\utils.py", line 90, in __exit__
    raise dj_exc_value.with_traceback(traceback) from exc_value
  File "C:\Users\user\Envs\advbizsolutions\lib\site-packages\django\db\backends\utils.py", line 82, in _execute
    return self.cursor.execute(sql)
  File "C:\Users\user\Envs\advbizsolutions\lib\site-packages\django\db\backends\mysql\base.py", line 73, in execute
    return self.cursor.execute(query, args)
  File "C:\Users\user\Envs\advbizsolutions\lib\site-packages\MySQLdb\cursors.py", line 206, in execute
    res = self._query(query)
  File "C:\Users\user\Envs\advbizsolutions\lib\site-packages\MySQLdb\cursors.py", line 319, in _query
    db.query(q)
  File "C:\Users\user\Envs\advbizsolutions\lib\site-packages\MySQLdb\connections.py", line 259, in query
    _mysql.connection.query(self, query)
django.db.utils.ProgrammingError: (1064, "You have an error in your SQL syntax; check the manual that corresponds to your MySQL server version for the right syntax to use near 'reference_field_2 VARCHAR(64) DEFAULT NULL, `reference_field_3 VARCHAR(64) DEFAU' at line 1")
[2021-05-26 21:38:23] ERROR Error in Validating File!!!
Traceback (most recent call last):
  File "D:\AdvBizSolutions\FinanceControlledApplication\Sources\source\views.py", line 583, in get_field_list_details
    insertQuery = json.loads(insertQuery)
  File "c:\users\user\appdata\local\programs\python\python38\lib\json\__init__.py", line 341, in loads
    raise TypeError(f'the JSON object must be str, bytes or bytearray, '
TypeError: the JSON object must be str, bytes or bytearray, not dict
[2021-05-26 21:41:05] INFO Executing SQL Query..
[2021-05-26 21:41:05] INFO CREATE TABLE IF NOT EXISTS `7fb8a826-8f01-46fd-a1cb-fe81f01a2af5`(`id` INT(11) NOT NULL PRIMARY KEY AUTO_INCREMENT, `tenants_id` SMALLINT(5) DEFAULT NULL, `groups_id` SMALLINT(5) DEFAULT NULL, `entities_id` SMALLINT(5) DEFAULT NULL, `file_uploads_id` SMALLINT(5) DEFAULT NULL, `m_source_id` SMALLINT(5) DEFAULT NULL, `m_source_name` LONGTEXT DEFAULT NULL, `processing_status` LONGTEXT DEFAULT NULL, `processing_date_time` DATETIME(6) DEFAULT NULL,`reference_field_1` VARCHAR(64) DEFAULT NULL, `reference_field_2` VARCHAR(64) DEFAULT NULL, `reference_field_3` VARCHAR(64) DEFAULT NULL, `is_active` TINYINT(1) DEFAULT 1,`created_by` SMALLINT(5) DEFAULT NULL,`created_date` DATETIME(6),`modified_by` SMALLINT(5) DEFAULT NULL,`modified_date` DATETIME(6));
[2021-05-26 21:41:07] ERROR Error in Validating File!!!
Traceback (most recent call last):
  File "D:\AdvBizSolutions\FinanceControlledApplication\Sources\source\views.py", line 583, in get_field_list_details
    insertQuery = json.loads(insertQuery)
  File "c:\users\user\appdata\local\programs\python\python38\lib\json\__init__.py", line 341, in loads
    raise TypeError(f'the JSON object must be str, bytes or bytearray, '
TypeError: the JSON object must be str, bytes or bytearray, not dict
[2021-05-26 21:42:27] INFO Executing SQL Query..
[2021-05-26 21:42:27] INFO CREATE TABLE IF NOT EXISTS `7fb8a826-8f01-46fd-a1cb-fe81f01a2af5`(`id` INT(11) NOT NULL PRIMARY KEY AUTO_INCREMENT, `tenants_id` SMALLINT(5) DEFAULT NULL, `groups_id` SMALLINT(5) DEFAULT NULL, `entities_id` SMALLINT(5) DEFAULT NULL, `file_uploads_id` SMALLINT(5) DEFAULT NULL, `m_source_id` SMALLINT(5) DEFAULT NULL, `m_source_name` LONGTEXT DEFAULT NULL, `processing_status` LONGTEXT DEFAULT NULL, `processing_date_time` DATETIME(6) DEFAULT NULL,`reference_field_1` VARCHAR(64) DEFAULT NULL, `reference_field_2` VARCHAR(64) DEFAULT NULL, `reference_field_3` VARCHAR(64) DEFAULT NULL, `is_active` TINYINT(1) DEFAULT 1,`created_by` SMALLINT(5) DEFAULT NULL,`created_date` DATETIME(6),`modified_by` SMALLINT(5) DEFAULT NULL,`modified_date` DATETIME(6));
[2021-05-26 21:42:27] ERROR Error in Creating Inert Query!!!
Traceback (most recent call last):
  File "D:\AdvBizSolutions\FinanceControlledApplication\Sources\source\views.py", line 695, in get_insert_query
    final_query = insert_query.replace("{source_attributes}", field_query).replace("{reference_table}", table_name)
AttributeError: 'dict' object has no attribute 'replace'
[2021-05-26 21:48:09] INFO Executing SQL Query..
[2021-05-26 21:48:09] INFO CREATE TABLE IF NOT EXISTS `7fb8a826-8f01-46fd-a1cb-fe81f01a2af5`(`id` INT(11) NOT NULL PRIMARY KEY AUTO_INCREMENT, `tenants_id` SMALLINT(5) DEFAULT NULL, `groups_id` SMALLINT(5) DEFAULT NULL, `entities_id` SMALLINT(5) DEFAULT NULL, `file_uploads_id` SMALLINT(5) DEFAULT NULL, `m_source_id` SMALLINT(5) DEFAULT NULL, `m_source_name` LONGTEXT DEFAULT NULL, `processing_status` LONGTEXT DEFAULT NULL, `processing_date_time` DATETIME(6) DEFAULT NULL,`reference_field_1` VARCHAR(64) DEFAULT NULL, `reference_field_2` VARCHAR(64) DEFAULT NULL, `reference_field_3` VARCHAR(64) DEFAULT NULL, `is_active` TINYINT(1) DEFAULT 1,`created_by` SMALLINT(5) DEFAULT NULL,`created_date` DATETIME(6),`modified_by` SMALLINT(5) DEFAULT NULL,`modified_date` DATETIME(6));
[2021-05-26 21:49:34] ERROR Error in Update Source!!!
Traceback (most recent call last):
  File "D:\AdvBizSolutions\FinanceControlledApplication\Sources\source\views.py", line 778, in get_aggregator_details
    if int(source_id) > 0:
ValueError: invalid literal for int() with base 10: ''
[2021-05-26 21:50:06] ERROR Error in Update Source!!!
Traceback (most recent call last):
  File "D:\AdvBizSolutions\FinanceControlledApplication\Sources\source\views.py", line 778, in get_aggregator_details
    if int(source_id) > 0:
ValueError: invalid literal for int() with base 10: ''
[2021-05-26 21:54:13] ERROR Error in Update Source!!!
Traceback (most recent call last):
  File "D:\AdvBizSolutions\FinanceControlledApplication\Sources\source\views.py", line 803, in get_aggregator_details
    MasterAggregatorsDetails.objects.create(
  File "C:\Users\user\Envs\advbizsolutions\lib\site-packages\django\db\models\manager.py", line 85, in manager_method
    return getattr(self.get_queryset(), name)(*args, **kwargs)
  File "C:\Users\user\Envs\advbizsolutions\lib\site-packages\django\db\models\query.py", line 451, in create
    obj = self.model(**kwargs)
  File "C:\Users\user\Envs\advbizsolutions\lib\site-packages\django\db\models\base.py", line 503, in __init__
    raise TypeError("%s() got an unexpected keyword argument '%s'" % (cls.__name__, kwarg))
TypeError: MasterAggregatorsDetails() got an unexpected keyword argument 'm_source_id'
[2021-05-26 21:56:22] ERROR Error in Update Source!!!
Traceback (most recent call last):
  File "D:\AdvBizSolutions\FinanceControlledApplication\Sources\source\views.py", line 803, in get_aggregator_details
    MasterAggregatorsDetails.objects.create(
  File "C:\Users\user\Envs\advbizsolutions\lib\site-packages\django\db\models\manager.py", line 85, in manager_method
    return getattr(self.get_queryset(), name)(*args, **kwargs)
  File "C:\Users\user\Envs\advbizsolutions\lib\site-packages\django\db\models\query.py", line 453, in create
    obj.save(force_insert=True, using=self.db)
  File "C:\Users\user\Envs\advbizsolutions\lib\site-packages\django\db\models\base.py", line 726, in save
    self.save_base(using=using, force_insert=force_insert,
  File "C:\Users\user\Envs\advbizsolutions\lib\site-packages\django\db\models\base.py", line 763, in save_base
    updated = self._save_table(
  File "C:\Users\user\Envs\advbizsolutions\lib\site-packages\django\db\models\base.py", line 868, in _save_table
    results = self._do_insert(cls._base_manager, using, fields, returning_fields, raw)
  File "C:\Users\user\Envs\advbizsolutions\lib\site-packages\django\db\models\base.py", line 906, in _do_insert
    return manager._insert(
  File "C:\Users\user\Envs\advbizsolutions\lib\site-packages\django\db\models\manager.py", line 85, in manager_method
    return getattr(self.get_queryset(), name)(*args, **kwargs)
  File "C:\Users\user\Envs\advbizsolutions\lib\site-packages\django\db\models\query.py", line 1270, in _insert
    return query.get_compiler(using=using).execute_sql(returning_fields)
  File "C:\Users\user\Envs\advbizsolutions\lib\site-packages\django\db\models\sql\compiler.py", line 1415, in execute_sql
    for sql, params in self.as_sql():
  File "C:\Users\user\Envs\advbizsolutions\lib\site-packages\django\db\models\sql\compiler.py", line 1358, in as_sql
    value_rows = [
  File "C:\Users\user\Envs\advbizsolutions\lib\site-packages\django\db\models\sql\compiler.py", line 1359, in <listcomp>
    [self.prepare_value(field, self.pre_save_val(field, obj)) for field in fields]
  File "C:\Users\user\Envs\advbizsolutions\lib\site-packages\django\db\models\sql\compiler.py", line 1359, in <listcomp>
    [self.prepare_value(field, self.pre_save_val(field, obj)) for field in fields]
  File "C:\Users\user\Envs\advbizsolutions\lib\site-packages\django\db\models\sql\compiler.py", line 1300, in prepare_value
    value = field.get_db_prep_save(value, connection=self.connection)
  File "C:\Users\user\Envs\advbizsolutions\lib\site-packages\django\db\models\fields\__init__.py", line 842, in get_db_prep_save
    return self.get_db_prep_value(value, connection=connection, prepared=False)
  File "C:\Users\user\Envs\advbizsolutions\lib\site-packages\django\db\models\fields\__init__.py", line 837, in get_db_prep_value
    value = self.get_prep_value(value)
  File "C:\Users\user\Envs\advbizsolutions\lib\site-packages\django\db\models\fields\__init__.py", line 986, in get_prep_value
    return self.to_python(value)
  File "C:\Users\user\Envs\advbizsolutions\lib\site-packages\django\db\models\fields\__init__.py", line 976, in to_python
    raise exceptions.ValidationError(
django.core.exceptions.ValidationError: ['“” value must be either True or False.']
[2021-05-26 21:58:24] ERROR Error in Update Source!!!
Traceback (most recent call last):
  File "D:\AdvBizSolutions\FinanceControlledApplication\Sources\source\views.py", line 807, in get_aggregator_details
    MasterAggregatorsDetails.objects.create(
  File "C:\Users\user\Envs\advbizsolutions\lib\site-packages\django\db\models\manager.py", line 85, in manager_method
    return getattr(self.get_queryset(), name)(*args, **kwargs)
  File "C:\Users\user\Envs\advbizsolutions\lib\site-packages\django\db\models\query.py", line 453, in create
    obj.save(force_insert=True, using=self.db)
  File "C:\Users\user\Envs\advbizsolutions\lib\site-packages\django\db\models\base.py", line 726, in save
    self.save_base(using=using, force_insert=force_insert,
  File "C:\Users\user\Envs\advbizsolutions\lib\site-packages\django\db\models\base.py", line 763, in save_base
    updated = self._save_table(
  File "C:\Users\user\Envs\advbizsolutions\lib\site-packages\django\db\models\base.py", line 868, in _save_table
    results = self._do_insert(cls._base_manager, using, fields, returning_fields, raw)
  File "C:\Users\user\Envs\advbizsolutions\lib\site-packages\django\db\models\base.py", line 906, in _do_insert
    return manager._insert(
  File "C:\Users\user\Envs\advbizsolutions\lib\site-packages\django\db\models\manager.py", line 85, in manager_method
    return getattr(self.get_queryset(), name)(*args, **kwargs)
  File "C:\Users\user\Envs\advbizsolutions\lib\site-packages\django\db\models\query.py", line 1270, in _insert
    return query.get_compiler(using=using).execute_sql(returning_fields)
  File "C:\Users\user\Envs\advbizsolutions\lib\site-packages\django\db\models\sql\compiler.py", line 1415, in execute_sql
    for sql, params in self.as_sql():
  File "C:\Users\user\Envs\advbizsolutions\lib\site-packages\django\db\models\sql\compiler.py", line 1358, in as_sql
    value_rows = [
  File "C:\Users\user\Envs\advbizsolutions\lib\site-packages\django\db\models\sql\compiler.py", line 1359, in <listcomp>
    [self.prepare_value(field, self.pre_save_val(field, obj)) for field in fields]
  File "C:\Users\user\Envs\advbizsolutions\lib\site-packages\django\db\models\sql\compiler.py", line 1359, in <listcomp>
    [self.prepare_value(field, self.pre_save_val(field, obj)) for field in fields]
  File "C:\Users\user\Envs\advbizsolutions\lib\site-packages\django\db\models\sql\compiler.py", line 1300, in prepare_value
    value = field.get_db_prep_save(value, connection=self.connection)
  File "C:\Users\user\Envs\advbizsolutions\lib\site-packages\django\db\models\fields\__init__.py", line 842, in get_db_prep_save
    return self.get_db_prep_value(value, connection=connection, prepared=False)
  File "C:\Users\user\Envs\advbizsolutions\lib\site-packages\django\db\models\fields\__init__.py", line 837, in get_db_prep_value
    value = self.get_prep_value(value)
  File "C:\Users\user\Envs\advbizsolutions\lib\site-packages\django\db\models\fields\__init__.py", line 986, in get_prep_value
    return self.to_python(value)
  File "C:\Users\user\Envs\advbizsolutions\lib\site-packages\django\db\models\fields\__init__.py", line 976, in to_python
    raise exceptions.ValidationError(
django.core.exceptions.ValidationError: ['“” value must be either True or False.']
[2021-05-26 22:00:34] ERROR Error in Update Source!!!
Traceback (most recent call last):
  File "D:\AdvBizSolutions\FinanceControlledApplication\Sources\source\views.py", line 808, in get_aggregator_details
    MasterAggregatorsDetails.objects.create(
  File "C:\Users\user\Envs\advbizsolutions\lib\site-packages\django\db\models\manager.py", line 85, in manager_method
    return getattr(self.get_queryset(), name)(*args, **kwargs)
  File "C:\Users\user\Envs\advbizsolutions\lib\site-packages\django\db\models\query.py", line 453, in create
    obj.save(force_insert=True, using=self.db)
  File "C:\Users\user\Envs\advbizsolutions\lib\site-packages\django\db\models\base.py", line 726, in save
    self.save_base(using=using, force_insert=force_insert,
  File "C:\Users\user\Envs\advbizsolutions\lib\site-packages\django\db\models\base.py", line 763, in save_base
    updated = self._save_table(
  File "C:\Users\user\Envs\advbizsolutions\lib\site-packages\django\db\models\base.py", line 868, in _save_table
    results = self._do_insert(cls._base_manager, using, fields, returning_fields, raw)
  File "C:\Users\user\Envs\advbizsolutions\lib\site-packages\django\db\models\base.py", line 906, in _do_insert
    return manager._insert(
  File "C:\Users\user\Envs\advbizsolutions\lib\site-packages\django\db\models\manager.py", line 85, in manager_method
    return getattr(self.get_queryset(), name)(*args, **kwargs)
  File "C:\Users\user\Envs\advbizsolutions\lib\site-packages\django\db\models\query.py", line 1270, in _insert
    return query.get_compiler(using=using).execute_sql(returning_fields)
  File "C:\Users\user\Envs\advbizsolutions\lib\site-packages\django\db\models\sql\compiler.py", line 1415, in execute_sql
    for sql, params in self.as_sql():
  File "C:\Users\user\Envs\advbizsolutions\lib\site-packages\django\db\models\sql\compiler.py", line 1358, in as_sql
    value_rows = [
  File "C:\Users\user\Envs\advbizsolutions\lib\site-packages\django\db\models\sql\compiler.py", line 1359, in <listcomp>
    [self.prepare_value(field, self.pre_save_val(field, obj)) for field in fields]
  File "C:\Users\user\Envs\advbizsolutions\lib\site-packages\django\db\models\sql\compiler.py", line 1359, in <listcomp>
    [self.prepare_value(field, self.pre_save_val(field, obj)) for field in fields]
  File "C:\Users\user\Envs\advbizsolutions\lib\site-packages\django\db\models\sql\compiler.py", line 1300, in prepare_value
    value = field.get_db_prep_save(value, connection=self.connection)
  File "C:\Users\user\Envs\advbizsolutions\lib\site-packages\django\db\models\fields\__init__.py", line 842, in get_db_prep_save
    return self.get_db_prep_value(value, connection=connection, prepared=False)
  File "C:\Users\user\Envs\advbizsolutions\lib\site-packages\django\db\models\fields\__init__.py", line 837, in get_db_prep_value
    value = self.get_prep_value(value)
  File "C:\Users\user\Envs\advbizsolutions\lib\site-packages\django\db\models\fields\__init__.py", line 986, in get_prep_value
    return self.to_python(value)
  File "C:\Users\user\Envs\advbizsolutions\lib\site-packages\django\db\models\fields\__init__.py", line 976, in to_python
    raise exceptions.ValidationError(
django.core.exceptions.ValidationError: ['“” value must be either True or False.']
[2021-05-26 22:02:00] ERROR Error in Update Source!!!
Traceback (most recent call last):
  File "D:\AdvBizSolutions\FinanceControlledApplication\Sources\source\views.py", line 808, in get_aggregator_details
    MasterAggregatorsDetails.objects.create(
  File "C:\Users\user\Envs\advbizsolutions\lib\site-packages\django\db\models\manager.py", line 85, in manager_method
    return getattr(self.get_queryset(), name)(*args, **kwargs)
  File "C:\Users\user\Envs\advbizsolutions\lib\site-packages\django\db\models\query.py", line 453, in create
    obj.save(force_insert=True, using=self.db)
  File "C:\Users\user\Envs\advbizsolutions\lib\site-packages\django\db\models\base.py", line 726, in save
    self.save_base(using=using, force_insert=force_insert,
  File "C:\Users\user\Envs\advbizsolutions\lib\site-packages\django\db\models\base.py", line 763, in save_base
    updated = self._save_table(
  File "C:\Users\user\Envs\advbizsolutions\lib\site-packages\django\db\models\base.py", line 868, in _save_table
    results = self._do_insert(cls._base_manager, using, fields, returning_fields, raw)
  File "C:\Users\user\Envs\advbizsolutions\lib\site-packages\django\db\models\base.py", line 906, in _do_insert
    return manager._insert(
  File "C:\Users\user\Envs\advbizsolutions\lib\site-packages\django\db\models\manager.py", line 85, in manager_method
    return getattr(self.get_queryset(), name)(*args, **kwargs)
  File "C:\Users\user\Envs\advbizsolutions\lib\site-packages\django\db\models\query.py", line 1270, in _insert
    return query.get_compiler(using=using).execute_sql(returning_fields)
  File "C:\Users\user\Envs\advbizsolutions\lib\site-packages\django\db\models\sql\compiler.py", line 1415, in execute_sql
    for sql, params in self.as_sql():
  File "C:\Users\user\Envs\advbizsolutions\lib\site-packages\django\db\models\sql\compiler.py", line 1358, in as_sql
    value_rows = [
  File "C:\Users\user\Envs\advbizsolutions\lib\site-packages\django\db\models\sql\compiler.py", line 1359, in <listcomp>
    [self.prepare_value(field, self.pre_save_val(field, obj)) for field in fields]
  File "C:\Users\user\Envs\advbizsolutions\lib\site-packages\django\db\models\sql\compiler.py", line 1359, in <listcomp>
    [self.prepare_value(field, self.pre_save_val(field, obj)) for field in fields]
  File "C:\Users\user\Envs\advbizsolutions\lib\site-packages\django\db\models\sql\compiler.py", line 1300, in prepare_value
    value = field.get_db_prep_save(value, connection=self.connection)
  File "C:\Users\user\Envs\advbizsolutions\lib\site-packages\django\db\models\fields\__init__.py", line 842, in get_db_prep_save
    return self.get_db_prep_value(value, connection=connection, prepared=False)
  File "C:\Users\user\Envs\advbizsolutions\lib\site-packages\django\db\models\fields\__init__.py", line 837, in get_db_prep_value
    value = self.get_prep_value(value)
  File "C:\Users\user\Envs\advbizsolutions\lib\site-packages\django\db\models\fields\__init__.py", line 986, in get_prep_value
    return self.to_python(value)
  File "C:\Users\user\Envs\advbizsolutions\lib\site-packages\django\db\models\fields\__init__.py", line 976, in to_python
    raise exceptions.ValidationError(
django.core.exceptions.ValidationError: ['“” value must be either True or False.']
[2021-05-26 22:02:46] ERROR Error in Update Source!!!
Traceback (most recent call last):
  File "D:\AdvBizSolutions\FinanceControlledApplication\Sources\source\views.py", line 809, in get_aggregator_details
    MasterAggregatorsDetails.objects.create(
  File "C:\Users\user\Envs\advbizsolutions\lib\site-packages\django\db\models\manager.py", line 85, in manager_method
    return getattr(self.get_queryset(), name)(*args, **kwargs)
  File "C:\Users\user\Envs\advbizsolutions\lib\site-packages\django\db\models\query.py", line 453, in create
    obj.save(force_insert=True, using=self.db)
  File "C:\Users\user\Envs\advbizsolutions\lib\site-packages\django\db\models\base.py", line 726, in save
    self.save_base(using=using, force_insert=force_insert,
  File "C:\Users\user\Envs\advbizsolutions\lib\site-packages\django\db\models\base.py", line 763, in save_base
    updated = self._save_table(
  File "C:\Users\user\Envs\advbizsolutions\lib\site-packages\django\db\models\base.py", line 868, in _save_table
    results = self._do_insert(cls._base_manager, using, fields, returning_fields, raw)
  File "C:\Users\user\Envs\advbizsolutions\lib\site-packages\django\db\models\base.py", line 906, in _do_insert
    return manager._insert(
  File "C:\Users\user\Envs\advbizsolutions\lib\site-packages\django\db\models\manager.py", line 85, in manager_method
    return getattr(self.get_queryset(), name)(*args, **kwargs)
  File "C:\Users\user\Envs\advbizsolutions\lib\site-packages\django\db\models\query.py", line 1270, in _insert
    return query.get_compiler(using=using).execute_sql(returning_fields)
  File "C:\Users\user\Envs\advbizsolutions\lib\site-packages\django\db\models\sql\compiler.py", line 1415, in execute_sql
    for sql, params in self.as_sql():
  File "C:\Users\user\Envs\advbizsolutions\lib\site-packages\django\db\models\sql\compiler.py", line 1358, in as_sql
    value_rows = [
  File "C:\Users\user\Envs\advbizsolutions\lib\site-packages\django\db\models\sql\compiler.py", line 1359, in <listcomp>
    [self.prepare_value(field, self.pre_save_val(field, obj)) for field in fields]
  File "C:\Users\user\Envs\advbizsolutions\lib\site-packages\django\db\models\sql\compiler.py", line 1359, in <listcomp>
    [self.prepare_value(field, self.pre_save_val(field, obj)) for field in fields]
  File "C:\Users\user\Envs\advbizsolutions\lib\site-packages\django\db\models\sql\compiler.py", line 1300, in prepare_value
    value = field.get_db_prep_save(value, connection=self.connection)
  File "C:\Users\user\Envs\advbizsolutions\lib\site-packages\django\db\models\fields\__init__.py", line 842, in get_db_prep_save
    return self.get_db_prep_value(value, connection=connection, prepared=False)
  File "C:\Users\user\Envs\advbizsolutions\lib\site-packages\django\db\models\fields\__init__.py", line 837, in get_db_prep_value
    value = self.get_prep_value(value)
  File "C:\Users\user\Envs\advbizsolutions\lib\site-packages\django\db\models\fields\__init__.py", line 986, in get_prep_value
    return self.to_python(value)
  File "C:\Users\user\Envs\advbizsolutions\lib\site-packages\django\db\models\fields\__init__.py", line 976, in to_python
    raise exceptions.ValidationError(
django.core.exceptions.ValidationError: ['“” value must be either True or False.']
[2021-05-26 22:03:31] ERROR Error in Update Source!!!
Traceback (most recent call last):
  File "D:\AdvBizSolutions\FinanceControlledApplication\Sources\source\views.py", line 809, in get_aggregator_details
    MasterAggregatorsDetails.objects.create(
  File "C:\Users\user\Envs\advbizsolutions\lib\site-packages\django\db\models\manager.py", line 85, in manager_method
    return getattr(self.get_queryset(), name)(*args, **kwargs)
  File "C:\Users\user\Envs\advbizsolutions\lib\site-packages\django\db\models\query.py", line 453, in create
    obj.save(force_insert=True, using=self.db)
  File "C:\Users\user\Envs\advbizsolutions\lib\site-packages\django\db\models\base.py", line 726, in save
    self.save_base(using=using, force_insert=force_insert,
  File "C:\Users\user\Envs\advbizsolutions\lib\site-packages\django\db\models\base.py", line 763, in save_base
    updated = self._save_table(
  File "C:\Users\user\Envs\advbizsolutions\lib\site-packages\django\db\models\base.py", line 868, in _save_table
    results = self._do_insert(cls._base_manager, using, fields, returning_fields, raw)
  File "C:\Users\user\Envs\advbizsolutions\lib\site-packages\django\db\models\base.py", line 906, in _do_insert
    return manager._insert(
  File "C:\Users\user\Envs\advbizsolutions\lib\site-packages\django\db\models\manager.py", line 85, in manager_method
    return getattr(self.get_queryset(), name)(*args, **kwargs)
  File "C:\Users\user\Envs\advbizsolutions\lib\site-packages\django\db\models\query.py", line 1270, in _insert
    return query.get_compiler(using=using).execute_sql(returning_fields)
  File "C:\Users\user\Envs\advbizsolutions\lib\site-packages\django\db\models\sql\compiler.py", line 1415, in execute_sql
    for sql, params in self.as_sql():
  File "C:\Users\user\Envs\advbizsolutions\lib\site-packages\django\db\models\sql\compiler.py", line 1358, in as_sql
    value_rows = [
  File "C:\Users\user\Envs\advbizsolutions\lib\site-packages\django\db\models\sql\compiler.py", line 1359, in <listcomp>
    [self.prepare_value(field, self.pre_save_val(field, obj)) for field in fields]
  File "C:\Users\user\Envs\advbizsolutions\lib\site-packages\django\db\models\sql\compiler.py", line 1359, in <listcomp>
    [self.prepare_value(field, self.pre_save_val(field, obj)) for field in fields]
  File "C:\Users\user\Envs\advbizsolutions\lib\site-packages\django\db\models\sql\compiler.py", line 1300, in prepare_value
    value = field.get_db_prep_save(value, connection=self.connection)
  File "C:\Users\user\Envs\advbizsolutions\lib\site-packages\django\db\models\fields\__init__.py", line 842, in get_db_prep_save
    return self.get_db_prep_value(value, connection=connection, prepared=False)
  File "C:\Users\user\Envs\advbizsolutions\lib\site-packages\django\db\models\fields\__init__.py", line 837, in get_db_prep_value
    value = self.get_prep_value(value)
  File "C:\Users\user\Envs\advbizsolutions\lib\site-packages\django\db\models\fields\__init__.py", line 986, in get_prep_value
    return self.to_python(value)
  File "C:\Users\user\Envs\advbizsolutions\lib\site-packages\django\db\models\fields\__init__.py", line 976, in to_python
    raise exceptions.ValidationError(
django.core.exceptions.ValidationError: ['“” value must be either True or False.']
[2021-05-26 22:04:28] ERROR Error in Update Source!!!
Traceback (most recent call last):
  File "D:\AdvBizSolutions\FinanceControlledApplication\Sources\source\views.py", line 809, in get_aggregator_details
    MasterAggregatorsDetails.objects.create(
  File "C:\Users\user\Envs\advbizsolutions\lib\site-packages\django\db\models\manager.py", line 85, in manager_method
    return getattr(self.get_queryset(), name)(*args, **kwargs)
  File "C:\Users\user\Envs\advbizsolutions\lib\site-packages\django\db\models\query.py", line 453, in create
    obj.save(force_insert=True, using=self.db)
  File "C:\Users\user\Envs\advbizsolutions\lib\site-packages\django\db\models\base.py", line 726, in save
    self.save_base(using=using, force_insert=force_insert,
  File "C:\Users\user\Envs\advbizsolutions\lib\site-packages\django\db\models\base.py", line 763, in save_base
    updated = self._save_table(
  File "C:\Users\user\Envs\advbizsolutions\lib\site-packages\django\db\models\base.py", line 868, in _save_table
    results = self._do_insert(cls._base_manager, using, fields, returning_fields, raw)
  File "C:\Users\user\Envs\advbizsolutions\lib\site-packages\django\db\models\base.py", line 906, in _do_insert
    return manager._insert(
  File "C:\Users\user\Envs\advbizsolutions\lib\site-packages\django\db\models\manager.py", line 85, in manager_method
    return getattr(self.get_queryset(), name)(*args, **kwargs)
  File "C:\Users\user\Envs\advbizsolutions\lib\site-packages\django\db\models\query.py", line 1270, in _insert
    return query.get_compiler(using=using).execute_sql(returning_fields)
  File "C:\Users\user\Envs\advbizsolutions\lib\site-packages\django\db\models\sql\compiler.py", line 1415, in execute_sql
    for sql, params in self.as_sql():
  File "C:\Users\user\Envs\advbizsolutions\lib\site-packages\django\db\models\sql\compiler.py", line 1358, in as_sql
    value_rows = [
  File "C:\Users\user\Envs\advbizsolutions\lib\site-packages\django\db\models\sql\compiler.py", line 1359, in <listcomp>
    [self.prepare_value(field, self.pre_save_val(field, obj)) for field in fields]
  File "C:\Users\user\Envs\advbizsolutions\lib\site-packages\django\db\models\sql\compiler.py", line 1359, in <listcomp>
    [self.prepare_value(field, self.pre_save_val(field, obj)) for field in fields]
  File "C:\Users\user\Envs\advbizsolutions\lib\site-packages\django\db\models\sql\compiler.py", line 1300, in prepare_value
    value = field.get_db_prep_save(value, connection=self.connection)
  File "C:\Users\user\Envs\advbizsolutions\lib\site-packages\django\db\models\fields\__init__.py", line 842, in get_db_prep_save
    return self.get_db_prep_value(value, connection=connection, prepared=False)
  File "C:\Users\user\Envs\advbizsolutions\lib\site-packages\django\db\models\fields\__init__.py", line 837, in get_db_prep_value
    value = self.get_prep_value(value)
  File "C:\Users\user\Envs\advbizsolutions\lib\site-packages\django\db\models\fields\__init__.py", line 986, in get_prep_value
    return self.to_python(value)
  File "C:\Users\user\Envs\advbizsolutions\lib\site-packages\django\db\models\fields\__init__.py", line 976, in to_python
    raise exceptions.ValidationError(
django.core.exceptions.ValidationError: ['“” value must be either True or False.']
[2021-05-26 22:05:39] ERROR Error in Update Source!!!
Traceback (most recent call last):
  File "D:\AdvBizSolutions\FinanceControlledApplication\Sources\source\views.py", line 774, in get_aggregator_details
    aggregator_list = json.loads(aggregator_list)
  File "c:\users\user\appdata\local\programs\python\python38\lib\json\__init__.py", line 341, in loads
    raise TypeError(f'the JSON object must be str, bytes or bytearray, '
TypeError: the JSON object must be str, bytes or bytearray, not list
[2021-05-26 22:06:11] ERROR Error in Update Source!!!
Traceback (most recent call last):
  File "D:\AdvBizSolutions\FinanceControlledApplication\Sources\source\views.py", line 774, in get_aggregator_details
    aggregator_list = json.loads(aggregator_list)
  File "c:\users\user\appdata\local\programs\python\python38\lib\json\__init__.py", line 341, in loads
    raise TypeError(f'the JSON object must be str, bytes or bytearray, '
TypeError: the JSON object must be str, bytes or bytearray, not list
[2021-05-26 22:08:54] ERROR Error in Update Source!!!
Traceback (most recent call last):
  File "D:\AdvBizSolutions\FinanceControlledApplication\Sources\source\views.py", line 801, in get_aggregator_details
    for k, v in aggregator_source.items():
AttributeError: 'str' object has no attribute 'items'
[2021-05-26 22:10:28] ERROR Error in Update Source!!!
Traceback (most recent call last):
  File "D:\AdvBizSolutions\FinanceControlledApplication\Sources\source\views.py", line 801, in get_aggregator_details
    for k, v in aggregator_source.items():
AttributeError: 'str' object has no attribute 'items'
[2021-05-26 22:11:07] ERROR Error in Update Source!!!
Traceback (most recent call last):
  File "D:\AdvBizSolutions\FinanceControlledApplication\Sources\source\views.py", line 801, in get_aggregator_details
    for k, v in aggregator_source.items():
AttributeError: 'str' object has no attribute 'items'
[2021-05-26 22:11:32] ERROR Error in Update Source!!!
Traceback (most recent call last):
  File "D:\AdvBizSolutions\FinanceControlledApplication\Sources\source\views.py", line 801, in get_aggregator_details
    for k, v in aggregator_source.items():
AttributeError: 'str' object has no attribute 'items'
[2021-05-27 10:44:42] ERROR Error in Update Source!!!
Traceback (most recent call last):
  File "D:\AdvBizSolutions\FinanceControlledApplication\Sources\source\views.py", line 801, in get_aggregator_details
    for k, v in aggregator_source.items():
AttributeError: 'str' object has no attribute 'items'
[2021-05-27 10:45:10] ERROR Error in Update Source!!!
Traceback (most recent call last):
  File "D:\AdvBizSolutions\FinanceControlledApplication\Sources\source\views.py", line 774, in get_aggregator_details
    aggregator_list = json.loads(aggregator_list)
  File "c:\users\user\appdata\local\programs\python\python38\lib\json\__init__.py", line 341, in loads
    raise TypeError(f'the JSON object must be str, bytes or bytearray, '
TypeError: the JSON object must be str, bytes or bytearray, not list
[2021-05-27 10:45:25] ERROR Error in Update Source!!!
Traceback (most recent call last):
  File "D:\AdvBizSolutions\FinanceControlledApplication\Sources\source\views.py", line 774, in get_aggregator_details
    aggregator_list = json.loads(aggregator_list)
  File "c:\users\user\appdata\local\programs\python\python38\lib\json\__init__.py", line 341, in loads
    raise TypeError(f'the JSON object must be str, bytes or bytearray, '
TypeError: the JSON object must be str, bytes or bytearray, not list
[2021-05-27 10:45:55] ERROR Error in Update Source!!!
Traceback (most recent call last):
  File "D:\AdvBizSolutions\FinanceControlledApplication\Sources\source\views.py", line 774, in get_aggregator_details
    aggregator_list = json.jsons(aggregator_list)
AttributeError: module 'json' has no attribute 'jsons'
[2021-05-27 10:48:12] ERROR Error in Update Source!!!
Traceback (most recent call last):
  File "D:\AdvBizSolutions\FinanceControlledApplication\Sources\source\views.py", line 801, in get_aggregator_details
    aggregator_source=json.loads(agg_source)
  File "c:\users\user\appdata\local\programs\python\python38\lib\json\__init__.py", line 341, in loads
    raise TypeError(f'the JSON object must be str, bytes or bytearray, '
TypeError: the JSON object must be str, bytes or bytearray, not dict
[2021-05-27 10:49:06] ERROR Error in Update Source!!!
Traceback (most recent call last):
  File "D:\AdvBizSolutions\FinanceControlledApplication\Sources\source\views.py", line 801, in get_aggregator_details
    aggregator_source=json.loads(agg_source)
  File "c:\users\user\appdata\local\programs\python\python38\lib\json\__init__.py", line 341, in loads
    raise TypeError(f'the JSON object must be str, bytes or bytearray, '
TypeError: the JSON object must be str, bytes or bytearray, not dict
[2021-05-27 10:49:36] ERROR Error in Update Source!!!
Traceback (most recent call last):
  File "D:\AdvBizSolutions\FinanceControlledApplication\Sources\source\views.py", line 801, in get_aggregator_details
    aggregator_source=json.loads(agg_source)
  File "c:\users\user\appdata\local\programs\python\python38\lib\json\__init__.py", line 341, in loads
    raise TypeError(f'the JSON object must be str, bytes or bytearray, '
TypeError: the JSON object must be str, bytes or bytearray, not dict
[2021-05-27 10:50:01] ERROR Error in Update Source!!!
Traceback (most recent call last):
  File "D:\AdvBizSolutions\FinanceControlledApplication\Sources\source\views.py", line 802, in get_aggregator_details
    aggregator_source=json.loads(agg_source)
  File "c:\users\user\appdata\local\programs\python\python38\lib\json\__init__.py", line 341, in loads
    raise TypeError(f'the JSON object must be str, bytes or bytearray, '
TypeError: the JSON object must be str, bytes or bytearray, not dict
[2021-05-27 10:50:21] ERROR Error in Update Source!!!
Traceback (most recent call last):
  File "D:\AdvBizSolutions\FinanceControlledApplication\Sources\source\views.py", line 804, in get_aggregator_details
    for k, v in aggregator_source.items():
AttributeError: 'str' object has no attribute 'items'
[2021-05-27 10:51:18] ERROR Error in Update Source!!!
Traceback (most recent call last):
  File "D:\AdvBizSolutions\FinanceControlledApplication\Sources\source\views.py", line 813, in get_aggregator_details
    MasterAggregatorsDetails.objects.create(
  File "C:\Users\user\Envs\advbizsolutions\lib\site-packages\django\db\models\manager.py", line 85, in manager_method
    return getattr(self.get_queryset(), name)(*args, **kwargs)
  File "C:\Users\user\Envs\advbizsolutions\lib\site-packages\django\db\models\query.py", line 453, in create
    obj.save(force_insert=True, using=self.db)
  File "C:\Users\user\Envs\advbizsolutions\lib\site-packages\django\db\models\base.py", line 726, in save
    self.save_base(using=using, force_insert=force_insert,
  File "C:\Users\user\Envs\advbizsolutions\lib\site-packages\django\db\models\base.py", line 763, in save_base
    updated = self._save_table(
  File "C:\Users\user\Envs\advbizsolutions\lib\site-packages\django\db\models\base.py", line 868, in _save_table
    results = self._do_insert(cls._base_manager, using, fields, returning_fields, raw)
  File "C:\Users\user\Envs\advbizsolutions\lib\site-packages\django\db\models\base.py", line 906, in _do_insert
    return manager._insert(
  File "C:\Users\user\Envs\advbizsolutions\lib\site-packages\django\db\models\manager.py", line 85, in manager_method
    return getattr(self.get_queryset(), name)(*args, **kwargs)
  File "C:\Users\user\Envs\advbizsolutions\lib\site-packages\django\db\models\query.py", line 1270, in _insert
    return query.get_compiler(using=using).execute_sql(returning_fields)
  File "C:\Users\user\Envs\advbizsolutions\lib\site-packages\django\db\models\sql\compiler.py", line 1415, in execute_sql
    for sql, params in self.as_sql():
  File "C:\Users\user\Envs\advbizsolutions\lib\site-packages\django\db\models\sql\compiler.py", line 1358, in as_sql
    value_rows = [
  File "C:\Users\user\Envs\advbizsolutions\lib\site-packages\django\db\models\sql\compiler.py", line 1359, in <listcomp>
    [self.prepare_value(field, self.pre_save_val(field, obj)) for field in fields]
  File "C:\Users\user\Envs\advbizsolutions\lib\site-packages\django\db\models\sql\compiler.py", line 1359, in <listcomp>
    [self.prepare_value(field, self.pre_save_val(field, obj)) for field in fields]
  File "C:\Users\user\Envs\advbizsolutions\lib\site-packages\django\db\models\sql\compiler.py", line 1300, in prepare_value
    value = field.get_db_prep_save(value, connection=self.connection)
  File "C:\Users\user\Envs\advbizsolutions\lib\site-packages\django\db\models\fields\__init__.py", line 842, in get_db_prep_save
    return self.get_db_prep_value(value, connection=connection, prepared=False)
  File "C:\Users\user\Envs\advbizsolutions\lib\site-packages\django\db\models\fields\__init__.py", line 837, in get_db_prep_value
    value = self.get_prep_value(value)
  File "C:\Users\user\Envs\advbizsolutions\lib\site-packages\django\db\models\fields\__init__.py", line 986, in get_prep_value
    return self.to_python(value)
  File "C:\Users\user\Envs\advbizsolutions\lib\site-packages\django\db\models\fields\__init__.py", line 976, in to_python
    raise exceptions.ValidationError(
django.core.exceptions.ValidationError: ['“” value must be either True or False.']
[2021-05-27 10:51:59] ERROR Error in Update Source!!!
Traceback (most recent call last):
  File "D:\AdvBizSolutions\FinanceControlledApplication\Sources\source\views.py", line 813, in get_aggregator_details
    MasterAggregatorsDetails.objects.create(
  File "C:\Users\user\Envs\advbizsolutions\lib\site-packages\django\db\models\manager.py", line 85, in manager_method
    return getattr(self.get_queryset(), name)(*args, **kwargs)
  File "C:\Users\user\Envs\advbizsolutions\lib\site-packages\django\db\models\query.py", line 453, in create
    obj.save(force_insert=True, using=self.db)
  File "C:\Users\user\Envs\advbizsolutions\lib\site-packages\django\db\models\base.py", line 726, in save
    self.save_base(using=using, force_insert=force_insert,
  File "C:\Users\user\Envs\advbizsolutions\lib\site-packages\django\db\models\base.py", line 763, in save_base
    updated = self._save_table(
  File "C:\Users\user\Envs\advbizsolutions\lib\site-packages\django\db\models\base.py", line 868, in _save_table
    results = self._do_insert(cls._base_manager, using, fields, returning_fields, raw)
  File "C:\Users\user\Envs\advbizsolutions\lib\site-packages\django\db\models\base.py", line 906, in _do_insert
    return manager._insert(
  File "C:\Users\user\Envs\advbizsolutions\lib\site-packages\django\db\models\manager.py", line 85, in manager_method
    return getattr(self.get_queryset(), name)(*args, **kwargs)
  File "C:\Users\user\Envs\advbizsolutions\lib\site-packages\django\db\models\query.py", line 1270, in _insert
    return query.get_compiler(using=using).execute_sql(returning_fields)
  File "C:\Users\user\Envs\advbizsolutions\lib\site-packages\django\db\models\sql\compiler.py", line 1415, in execute_sql
    for sql, params in self.as_sql():
  File "C:\Users\user\Envs\advbizsolutions\lib\site-packages\django\db\models\sql\compiler.py", line 1358, in as_sql
    value_rows = [
  File "C:\Users\user\Envs\advbizsolutions\lib\site-packages\django\db\models\sql\compiler.py", line 1359, in <listcomp>
    [self.prepare_value(field, self.pre_save_val(field, obj)) for field in fields]
  File "C:\Users\user\Envs\advbizsolutions\lib\site-packages\django\db\models\sql\compiler.py", line 1359, in <listcomp>
    [self.prepare_value(field, self.pre_save_val(field, obj)) for field in fields]
  File "C:\Users\user\Envs\advbizsolutions\lib\site-packages\django\db\models\sql\compiler.py", line 1300, in prepare_value
    value = field.get_db_prep_save(value, connection=self.connection)
  File "C:\Users\user\Envs\advbizsolutions\lib\site-packages\django\db\models\fields\__init__.py", line 842, in get_db_prep_save
    return self.get_db_prep_value(value, connection=connection, prepared=False)
  File "C:\Users\user\Envs\advbizsolutions\lib\site-packages\django\db\models\fields\__init__.py", line 837, in get_db_prep_value
    value = self.get_prep_value(value)
  File "C:\Users\user\Envs\advbizsolutions\lib\site-packages\django\db\models\fields\__init__.py", line 986, in get_prep_value
    return self.to_python(value)
  File "C:\Users\user\Envs\advbizsolutions\lib\site-packages\django\db\models\fields\__init__.py", line 976, in to_python
    raise exceptions.ValidationError(
django.core.exceptions.ValidationError: ['“” value must be either True or False.']
[2021-05-27 10:53:31] ERROR Error in Update Source!!!
Traceback (most recent call last):
  File "D:\AdvBizSolutions\FinanceControlledApplication\Sources\source\views.py", line 815, in get_aggregator_details
    MasterAggregatorsDetails.objects.create(
  File "C:\Users\user\Envs\advbizsolutions\lib\site-packages\django\db\models\manager.py", line 85, in manager_method
    return getattr(self.get_queryset(), name)(*args, **kwargs)
  File "C:\Users\user\Envs\advbizsolutions\lib\site-packages\django\db\models\query.py", line 453, in create
    obj.save(force_insert=True, using=self.db)
  File "C:\Users\user\Envs\advbizsolutions\lib\site-packages\django\db\models\base.py", line 726, in save
    self.save_base(using=using, force_insert=force_insert,
  File "C:\Users\user\Envs\advbizsolutions\lib\site-packages\django\db\models\base.py", line 763, in save_base
    updated = self._save_table(
  File "C:\Users\user\Envs\advbizsolutions\lib\site-packages\django\db\models\base.py", line 868, in _save_table
    results = self._do_insert(cls._base_manager, using, fields, returning_fields, raw)
  File "C:\Users\user\Envs\advbizsolutions\lib\site-packages\django\db\models\base.py", line 906, in _do_insert
    return manager._insert(
  File "C:\Users\user\Envs\advbizsolutions\lib\site-packages\django\db\models\manager.py", line 85, in manager_method
    return getattr(self.get_queryset(), name)(*args, **kwargs)
  File "C:\Users\user\Envs\advbizsolutions\lib\site-packages\django\db\models\query.py", line 1270, in _insert
    return query.get_compiler(using=using).execute_sql(returning_fields)
  File "C:\Users\user\Envs\advbizsolutions\lib\site-packages\django\db\models\sql\compiler.py", line 1415, in execute_sql
    for sql, params in self.as_sql():
  File "C:\Users\user\Envs\advbizsolutions\lib\site-packages\django\db\models\sql\compiler.py", line 1358, in as_sql
    value_rows = [
  File "C:\Users\user\Envs\advbizsolutions\lib\site-packages\django\db\models\sql\compiler.py", line 1359, in <listcomp>
    [self.prepare_value(field, self.pre_save_val(field, obj)) for field in fields]
  File "C:\Users\user\Envs\advbizsolutions\lib\site-packages\django\db\models\sql\compiler.py", line 1359, in <listcomp>
    [self.prepare_value(field, self.pre_save_val(field, obj)) for field in fields]
  File "C:\Users\user\Envs\advbizsolutions\lib\site-packages\django\db\models\sql\compiler.py", line 1300, in prepare_value
    value = field.get_db_prep_save(value, connection=self.connection)
  File "C:\Users\user\Envs\advbizsolutions\lib\site-packages\django\db\models\fields\__init__.py", line 842, in get_db_prep_save
    return self.get_db_prep_value(value, connection=connection, prepared=False)
  File "C:\Users\user\Envs\advbizsolutions\lib\site-packages\django\db\models\fields\__init__.py", line 837, in get_db_prep_value
    value = self.get_prep_value(value)
  File "C:\Users\user\Envs\advbizsolutions\lib\site-packages\django\db\models\fields\__init__.py", line 986, in get_prep_value
    return self.to_python(value)
  File "C:\Users\user\Envs\advbizsolutions\lib\site-packages\django\db\models\fields\__init__.py", line 976, in to_python
    raise exceptions.ValidationError(
django.core.exceptions.ValidationError: ['“” value must be either True or False.']
[2021-05-27 10:54:14] ERROR Error in Update Source!!!
Traceback (most recent call last):
  File "D:\AdvBizSolutions\FinanceControlledApplication\Sources\source\views.py", line 815, in get_aggregator_details
    MasterAggregatorsDetails.objects.create(
  File "C:\Users\user\Envs\advbizsolutions\lib\site-packages\django\db\models\manager.py", line 85, in manager_method
    return getattr(self.get_queryset(), name)(*args, **kwargs)
  File "C:\Users\user\Envs\advbizsolutions\lib\site-packages\django\db\models\query.py", line 453, in create
    obj.save(force_insert=True, using=self.db)
  File "C:\Users\user\Envs\advbizsolutions\lib\site-packages\django\db\models\base.py", line 726, in save
    self.save_base(using=using, force_insert=force_insert,
  File "C:\Users\user\Envs\advbizsolutions\lib\site-packages\django\db\models\base.py", line 763, in save_base
    updated = self._save_table(
  File "C:\Users\user\Envs\advbizsolutions\lib\site-packages\django\db\models\base.py", line 868, in _save_table
    results = self._do_insert(cls._base_manager, using, fields, returning_fields, raw)
  File "C:\Users\user\Envs\advbizsolutions\lib\site-packages\django\db\models\base.py", line 906, in _do_insert
    return manager._insert(
  File "C:\Users\user\Envs\advbizsolutions\lib\site-packages\django\db\models\manager.py", line 85, in manager_method
    return getattr(self.get_queryset(), name)(*args, **kwargs)
  File "C:\Users\user\Envs\advbizsolutions\lib\site-packages\django\db\models\query.py", line 1270, in _insert
    return query.get_compiler(using=using).execute_sql(returning_fields)
  File "C:\Users\user\Envs\advbizsolutions\lib\site-packages\django\db\models\sql\compiler.py", line 1415, in execute_sql
    for sql, params in self.as_sql():
  File "C:\Users\user\Envs\advbizsolutions\lib\site-packages\django\db\models\sql\compiler.py", line 1358, in as_sql
    value_rows = [
  File "C:\Users\user\Envs\advbizsolutions\lib\site-packages\django\db\models\sql\compiler.py", line 1359, in <listcomp>
    [self.prepare_value(field, self.pre_save_val(field, obj)) for field in fields]
  File "C:\Users\user\Envs\advbizsolutions\lib\site-packages\django\db\models\sql\compiler.py", line 1359, in <listcomp>
    [self.prepare_value(field, self.pre_save_val(field, obj)) for field in fields]
  File "C:\Users\user\Envs\advbizsolutions\lib\site-packages\django\db\models\sql\compiler.py", line 1300, in prepare_value
    value = field.get_db_prep_save(value, connection=self.connection)
  File "C:\Users\user\Envs\advbizsolutions\lib\site-packages\django\db\models\fields\__init__.py", line 842, in get_db_prep_save
    return self.get_db_prep_value(value, connection=connection, prepared=False)
  File "C:\Users\user\Envs\advbizsolutions\lib\site-packages\django\db\models\fields\__init__.py", line 837, in get_db_prep_value
    value = self.get_prep_value(value)
  File "C:\Users\user\Envs\advbizsolutions\lib\site-packages\django\db\models\fields\__init__.py", line 986, in get_prep_value
    return self.to_python(value)
  File "C:\Users\user\Envs\advbizsolutions\lib\site-packages\django\db\models\fields\__init__.py", line 976, in to_python
    raise exceptions.ValidationError(
django.core.exceptions.ValidationError: ['“” value must be either True or False.']
[2021-05-27 10:55:04] ERROR Error in Update Source!!!
Traceback (most recent call last):
  File "D:\AdvBizSolutions\FinanceControlledApplication\Sources\source\views.py", line 817, in get_aggregator_details
    MasterAggregatorsDetails.objects.create(
  File "C:\Users\user\Envs\advbizsolutions\lib\site-packages\django\db\models\manager.py", line 85, in manager_method
    return getattr(self.get_queryset(), name)(*args, **kwargs)
  File "C:\Users\user\Envs\advbizsolutions\lib\site-packages\django\db\models\query.py", line 453, in create
    obj.save(force_insert=True, using=self.db)
  File "C:\Users\user\Envs\advbizsolutions\lib\site-packages\django\db\models\base.py", line 726, in save
    self.save_base(using=using, force_insert=force_insert,
  File "C:\Users\user\Envs\advbizsolutions\lib\site-packages\django\db\models\base.py", line 763, in save_base
    updated = self._save_table(
  File "C:\Users\user\Envs\advbizsolutions\lib\site-packages\django\db\models\base.py", line 868, in _save_table
    results = self._do_insert(cls._base_manager, using, fields, returning_fields, raw)
  File "C:\Users\user\Envs\advbizsolutions\lib\site-packages\django\db\models\base.py", line 906, in _do_insert
    return manager._insert(
  File "C:\Users\user\Envs\advbizsolutions\lib\site-packages\django\db\models\manager.py", line 85, in manager_method
    return getattr(self.get_queryset(), name)(*args, **kwargs)
  File "C:\Users\user\Envs\advbizsolutions\lib\site-packages\django\db\models\query.py", line 1270, in _insert
    return query.get_compiler(using=using).execute_sql(returning_fields)
  File "C:\Users\user\Envs\advbizsolutions\lib\site-packages\django\db\models\sql\compiler.py", line 1415, in execute_sql
    for sql, params in self.as_sql():
  File "C:\Users\user\Envs\advbizsolutions\lib\site-packages\django\db\models\sql\compiler.py", line 1358, in as_sql
    value_rows = [
  File "C:\Users\user\Envs\advbizsolutions\lib\site-packages\django\db\models\sql\compiler.py", line 1359, in <listcomp>
    [self.prepare_value(field, self.pre_save_val(field, obj)) for field in fields]
  File "C:\Users\user\Envs\advbizsolutions\lib\site-packages\django\db\models\sql\compiler.py", line 1359, in <listcomp>
    [self.prepare_value(field, self.pre_save_val(field, obj)) for field in fields]
  File "C:\Users\user\Envs\advbizsolutions\lib\site-packages\django\db\models\sql\compiler.py", line 1300, in prepare_value
    value = field.get_db_prep_save(value, connection=self.connection)
  File "C:\Users\user\Envs\advbizsolutions\lib\site-packages\django\db\models\fields\__init__.py", line 842, in get_db_prep_save
    return self.get_db_prep_value(value, connection=connection, prepared=False)
  File "C:\Users\user\Envs\advbizsolutions\lib\site-packages\django\db\models\fields\__init__.py", line 837, in get_db_prep_value
    value = self.get_prep_value(value)
  File "C:\Users\user\Envs\advbizsolutions\lib\site-packages\django\db\models\fields\__init__.py", line 986, in get_prep_value
    return self.to_python(value)
  File "C:\Users\user\Envs\advbizsolutions\lib\site-packages\django\db\models\fields\__init__.py", line 976, in to_python
    raise exceptions.ValidationError(
django.core.exceptions.ValidationError: ['“” value must be either True or False.']
[2021-05-27 10:55:37] ERROR Error in Update Source!!!
Traceback (most recent call last):
  File "D:\AdvBizSolutions\FinanceControlledApplication\Sources\source\views.py", line 817, in get_aggregator_details
    MasterAggregatorsDetails.objects.create(
  File "C:\Users\user\Envs\advbizsolutions\lib\site-packages\django\db\models\manager.py", line 85, in manager_method
    return getattr(self.get_queryset(), name)(*args, **kwargs)
  File "C:\Users\user\Envs\advbizsolutions\lib\site-packages\django\db\models\query.py", line 453, in create
    obj.save(force_insert=True, using=self.db)
  File "C:\Users\user\Envs\advbizsolutions\lib\site-packages\django\db\models\base.py", line 726, in save
    self.save_base(using=using, force_insert=force_insert,
  File "C:\Users\user\Envs\advbizsolutions\lib\site-packages\django\db\models\base.py", line 763, in save_base
    updated = self._save_table(
  File "C:\Users\user\Envs\advbizsolutions\lib\site-packages\django\db\models\base.py", line 868, in _save_table
    results = self._do_insert(cls._base_manager, using, fields, returning_fields, raw)
  File "C:\Users\user\Envs\advbizsolutions\lib\site-packages\django\db\models\base.py", line 906, in _do_insert
    return manager._insert(
  File "C:\Users\user\Envs\advbizsolutions\lib\site-packages\django\db\models\manager.py", line 85, in manager_method
    return getattr(self.get_queryset(), name)(*args, **kwargs)
  File "C:\Users\user\Envs\advbizsolutions\lib\site-packages\django\db\models\query.py", line 1270, in _insert
    return query.get_compiler(using=using).execute_sql(returning_fields)
  File "C:\Users\user\Envs\advbizsolutions\lib\site-packages\django\db\models\sql\compiler.py", line 1415, in execute_sql
    for sql, params in self.as_sql():
  File "C:\Users\user\Envs\advbizsolutions\lib\site-packages\django\db\models\sql\compiler.py", line 1358, in as_sql
    value_rows = [
  File "C:\Users\user\Envs\advbizsolutions\lib\site-packages\django\db\models\sql\compiler.py", line 1359, in <listcomp>
    [self.prepare_value(field, self.pre_save_val(field, obj)) for field in fields]
  File "C:\Users\user\Envs\advbizsolutions\lib\site-packages\django\db\models\sql\compiler.py", line 1359, in <listcomp>
    [self.prepare_value(field, self.pre_save_val(field, obj)) for field in fields]
  File "C:\Users\user\Envs\advbizsolutions\lib\site-packages\django\db\models\sql\compiler.py", line 1300, in prepare_value
    value = field.get_db_prep_save(value, connection=self.connection)
  File "C:\Users\user\Envs\advbizsolutions\lib\site-packages\django\db\models\fields\__init__.py", line 842, in get_db_prep_save
    return self.get_db_prep_value(value, connection=connection, prepared=False)
  File "C:\Users\user\Envs\advbizsolutions\lib\site-packages\django\db\models\fields\__init__.py", line 837, in get_db_prep_value
    value = self.get_prep_value(value)
  File "C:\Users\user\Envs\advbizsolutions\lib\site-packages\django\db\models\fields\__init__.py", line 986, in get_prep_value
    return self.to_python(value)
  File "C:\Users\user\Envs\advbizsolutions\lib\site-packages\django\db\models\fields\__init__.py", line 976, in to_python
    raise exceptions.ValidationError(
django.core.exceptions.ValidationError: ['“” value must be either True or False.']
[2021-05-27 10:56:20] ERROR Error in Update Source!!!
Traceback (most recent call last):
  File "D:\AdvBizSolutions\FinanceControlledApplication\Sources\source\views.py", line 817, in get_aggregator_details
    MasterAggregatorsDetails.objects.create(
  File "C:\Users\user\Envs\advbizsolutions\lib\site-packages\django\db\models\manager.py", line 85, in manager_method
    return getattr(self.get_queryset(), name)(*args, **kwargs)
  File "C:\Users\user\Envs\advbizsolutions\lib\site-packages\django\db\models\query.py", line 453, in create
    obj.save(force_insert=True, using=self.db)
  File "C:\Users\user\Envs\advbizsolutions\lib\site-packages\django\db\models\base.py", line 726, in save
    self.save_base(using=using, force_insert=force_insert,
  File "C:\Users\user\Envs\advbizsolutions\lib\site-packages\django\db\models\base.py", line 763, in save_base
    updated = self._save_table(
  File "C:\Users\user\Envs\advbizsolutions\lib\site-packages\django\db\models\base.py", line 868, in _save_table
    results = self._do_insert(cls._base_manager, using, fields, returning_fields, raw)
  File "C:\Users\user\Envs\advbizsolutions\lib\site-packages\django\db\models\base.py", line 906, in _do_insert
    return manager._insert(
  File "C:\Users\user\Envs\advbizsolutions\lib\site-packages\django\db\models\manager.py", line 85, in manager_method
    return getattr(self.get_queryset(), name)(*args, **kwargs)
  File "C:\Users\user\Envs\advbizsolutions\lib\site-packages\django\db\models\query.py", line 1270, in _insert
    return query.get_compiler(using=using).execute_sql(returning_fields)
  File "C:\Users\user\Envs\advbizsolutions\lib\site-packages\django\db\models\sql\compiler.py", line 1415, in execute_sql
    for sql, params in self.as_sql():
  File "C:\Users\user\Envs\advbizsolutions\lib\site-packages\django\db\models\sql\compiler.py", line 1358, in as_sql
    value_rows = [
  File "C:\Users\user\Envs\advbizsolutions\lib\site-packages\django\db\models\sql\compiler.py", line 1359, in <listcomp>
    [self.prepare_value(field, self.pre_save_val(field, obj)) for field in fields]
  File "C:\Users\user\Envs\advbizsolutions\lib\site-packages\django\db\models\sql\compiler.py", line 1359, in <listcomp>
    [self.prepare_value(field, self.pre_save_val(field, obj)) for field in fields]
  File "C:\Users\user\Envs\advbizsolutions\lib\site-packages\django\db\models\sql\compiler.py", line 1300, in prepare_value
    value = field.get_db_prep_save(value, connection=self.connection)
  File "C:\Users\user\Envs\advbizsolutions\lib\site-packages\django\db\models\fields\__init__.py", line 842, in get_db_prep_save
    return self.get_db_prep_value(value, connection=connection, prepared=False)
  File "C:\Users\user\Envs\advbizsolutions\lib\site-packages\django\db\models\fields\__init__.py", line 837, in get_db_prep_value
    value = self.get_prep_value(value)
  File "C:\Users\user\Envs\advbizsolutions\lib\site-packages\django\db\models\fields\__init__.py", line 986, in get_prep_value
    return self.to_python(value)
  File "C:\Users\user\Envs\advbizsolutions\lib\site-packages\django\db\models\fields\__init__.py", line 976, in to_python
    raise exceptions.ValidationError(
django.core.exceptions.ValidationError: ['“” value must be either True or False.']
[2021-05-27 10:56:45] ERROR Error in Update Source!!!
Traceback (most recent call last):
  File "D:\AdvBizSolutions\FinanceControlledApplication\Sources\source\views.py", line 818, in get_aggregator_details
    MasterAggregatorsDetails.objects.create(
  File "C:\Users\user\Envs\advbizsolutions\lib\site-packages\django\db\models\manager.py", line 85, in manager_method
    return getattr(self.get_queryset(), name)(*args, **kwargs)
  File "C:\Users\user\Envs\advbizsolutions\lib\site-packages\django\db\models\query.py", line 453, in create
    obj.save(force_insert=True, using=self.db)
  File "C:\Users\user\Envs\advbizsolutions\lib\site-packages\django\db\models\base.py", line 726, in save
    self.save_base(using=using, force_insert=force_insert,
  File "C:\Users\user\Envs\advbizsolutions\lib\site-packages\django\db\models\base.py", line 763, in save_base
    updated = self._save_table(
  File "C:\Users\user\Envs\advbizsolutions\lib\site-packages\django\db\models\base.py", line 868, in _save_table
    results = self._do_insert(cls._base_manager, using, fields, returning_fields, raw)
  File "C:\Users\user\Envs\advbizsolutions\lib\site-packages\django\db\models\base.py", line 906, in _do_insert
    return manager._insert(
  File "C:\Users\user\Envs\advbizsolutions\lib\site-packages\django\db\models\manager.py", line 85, in manager_method
    return getattr(self.get_queryset(), name)(*args, **kwargs)
  File "C:\Users\user\Envs\advbizsolutions\lib\site-packages\django\db\models\query.py", line 1270, in _insert
    return query.get_compiler(using=using).execute_sql(returning_fields)
  File "C:\Users\user\Envs\advbizsolutions\lib\site-packages\django\db\models\sql\compiler.py", line 1415, in execute_sql
    for sql, params in self.as_sql():
  File "C:\Users\user\Envs\advbizsolutions\lib\site-packages\django\db\models\sql\compiler.py", line 1358, in as_sql
    value_rows = [
  File "C:\Users\user\Envs\advbizsolutions\lib\site-packages\django\db\models\sql\compiler.py", line 1359, in <listcomp>
    [self.prepare_value(field, self.pre_save_val(field, obj)) for field in fields]
  File "C:\Users\user\Envs\advbizsolutions\lib\site-packages\django\db\models\sql\compiler.py", line 1359, in <listcomp>
    [self.prepare_value(field, self.pre_save_val(field, obj)) for field in fields]
  File "C:\Users\user\Envs\advbizsolutions\lib\site-packages\django\db\models\sql\compiler.py", line 1300, in prepare_value
    value = field.get_db_prep_save(value, connection=self.connection)
  File "C:\Users\user\Envs\advbizsolutions\lib\site-packages\django\db\models\fields\__init__.py", line 842, in get_db_prep_save
    return self.get_db_prep_value(value, connection=connection, prepared=False)
  File "C:\Users\user\Envs\advbizsolutions\lib\site-packages\django\db\models\fields\__init__.py", line 837, in get_db_prep_value
    value = self.get_prep_value(value)
  File "C:\Users\user\Envs\advbizsolutions\lib\site-packages\django\db\models\fields\__init__.py", line 986, in get_prep_value
    return self.to_python(value)
  File "C:\Users\user\Envs\advbizsolutions\lib\site-packages\django\db\models\fields\__init__.py", line 976, in to_python
    raise exceptions.ValidationError(
django.core.exceptions.ValidationError: ['“” value must be either True or False.']
[2021-05-27 10:57:06] ERROR Error in Update Source!!!
Traceback (most recent call last):
  File "D:\AdvBizSolutions\FinanceControlledApplication\Sources\source\views.py", line 818, in get_aggregator_details
    MasterAggregatorsDetails.objects.create(
  File "C:\Users\user\Envs\advbizsolutions\lib\site-packages\django\db\models\manager.py", line 85, in manager_method
    return getattr(self.get_queryset(), name)(*args, **kwargs)
  File "C:\Users\user\Envs\advbizsolutions\lib\site-packages\django\db\models\query.py", line 453, in create
    obj.save(force_insert=True, using=self.db)
  File "C:\Users\user\Envs\advbizsolutions\lib\site-packages\django\db\models\base.py", line 726, in save
    self.save_base(using=using, force_insert=force_insert,
  File "C:\Users\user\Envs\advbizsolutions\lib\site-packages\django\db\models\base.py", line 763, in save_base
    updated = self._save_table(
  File "C:\Users\user\Envs\advbizsolutions\lib\site-packages\django\db\models\base.py", line 868, in _save_table
    results = self._do_insert(cls._base_manager, using, fields, returning_fields, raw)
  File "C:\Users\user\Envs\advbizsolutions\lib\site-packages\django\db\models\base.py", line 906, in _do_insert
    return manager._insert(
  File "C:\Users\user\Envs\advbizsolutions\lib\site-packages\django\db\models\manager.py", line 85, in manager_method
    return getattr(self.get_queryset(), name)(*args, **kwargs)
  File "C:\Users\user\Envs\advbizsolutions\lib\site-packages\django\db\models\query.py", line 1270, in _insert
    return query.get_compiler(using=using).execute_sql(returning_fields)
  File "C:\Users\user\Envs\advbizsolutions\lib\site-packages\django\db\models\sql\compiler.py", line 1415, in execute_sql
    for sql, params in self.as_sql():
  File "C:\Users\user\Envs\advbizsolutions\lib\site-packages\django\db\models\sql\compiler.py", line 1358, in as_sql
    value_rows = [
  File "C:\Users\user\Envs\advbizsolutions\lib\site-packages\django\db\models\sql\compiler.py", line 1359, in <listcomp>
    [self.prepare_value(field, self.pre_save_val(field, obj)) for field in fields]
  File "C:\Users\user\Envs\advbizsolutions\lib\site-packages\django\db\models\sql\compiler.py", line 1359, in <listcomp>
    [self.prepare_value(field, self.pre_save_val(field, obj)) for field in fields]
  File "C:\Users\user\Envs\advbizsolutions\lib\site-packages\django\db\models\sql\compiler.py", line 1300, in prepare_value
    value = field.get_db_prep_save(value, connection=self.connection)
  File "C:\Users\user\Envs\advbizsolutions\lib\site-packages\django\db\models\fields\__init__.py", line 842, in get_db_prep_save
    return self.get_db_prep_value(value, connection=connection, prepared=False)
  File "C:\Users\user\Envs\advbizsolutions\lib\site-packages\django\db\models\fields\__init__.py", line 837, in get_db_prep_value
    value = self.get_prep_value(value)
  File "C:\Users\user\Envs\advbizsolutions\lib\site-packages\django\db\models\fields\__init__.py", line 986, in get_prep_value
    return self.to_python(value)
  File "C:\Users\user\Envs\advbizsolutions\lib\site-packages\django\db\models\fields\__init__.py", line 976, in to_python
    raise exceptions.ValidationError(
django.core.exceptions.ValidationError: ['“” value must be either True or False.']
[2021-05-27 10:57:29] ERROR Error in Update Source!!!
Traceback (most recent call last):
  File "D:\AdvBizSolutions\FinanceControlledApplication\Sources\source\views.py", line 818, in get_aggregator_details
    MasterAggregatorsDetails.objects.create(
  File "C:\Users\user\Envs\advbizsolutions\lib\site-packages\django\db\models\manager.py", line 85, in manager_method
    return getattr(self.get_queryset(), name)(*args, **kwargs)
  File "C:\Users\user\Envs\advbizsolutions\lib\site-packages\django\db\models\query.py", line 453, in create
    obj.save(force_insert=True, using=self.db)
  File "C:\Users\user\Envs\advbizsolutions\lib\site-packages\django\db\models\base.py", line 726, in save
    self.save_base(using=using, force_insert=force_insert,
  File "C:\Users\user\Envs\advbizsolutions\lib\site-packages\django\db\models\base.py", line 763, in save_base
    updated = self._save_table(
  File "C:\Users\user\Envs\advbizsolutions\lib\site-packages\django\db\models\base.py", line 868, in _save_table
    results = self._do_insert(cls._base_manager, using, fields, returning_fields, raw)
  File "C:\Users\user\Envs\advbizsolutions\lib\site-packages\django\db\models\base.py", line 906, in _do_insert
    return manager._insert(
  File "C:\Users\user\Envs\advbizsolutions\lib\site-packages\django\db\models\manager.py", line 85, in manager_method
    return getattr(self.get_queryset(), name)(*args, **kwargs)
  File "C:\Users\user\Envs\advbizsolutions\lib\site-packages\django\db\models\query.py", line 1270, in _insert
    return query.get_compiler(using=using).execute_sql(returning_fields)
  File "C:\Users\user\Envs\advbizsolutions\lib\site-packages\django\db\models\sql\compiler.py", line 1415, in execute_sql
    for sql, params in self.as_sql():
  File "C:\Users\user\Envs\advbizsolutions\lib\site-packages\django\db\models\sql\compiler.py", line 1358, in as_sql
    value_rows = [
  File "C:\Users\user\Envs\advbizsolutions\lib\site-packages\django\db\models\sql\compiler.py", line 1359, in <listcomp>
    [self.prepare_value(field, self.pre_save_val(field, obj)) for field in fields]
  File "C:\Users\user\Envs\advbizsolutions\lib\site-packages\django\db\models\sql\compiler.py", line 1359, in <listcomp>
    [self.prepare_value(field, self.pre_save_val(field, obj)) for field in fields]
  File "C:\Users\user\Envs\advbizsolutions\lib\site-packages\django\db\models\sql\compiler.py", line 1300, in prepare_value
    value = field.get_db_prep_save(value, connection=self.connection)
  File "C:\Users\user\Envs\advbizsolutions\lib\site-packages\django\db\models\fields\__init__.py", line 842, in get_db_prep_save
    return self.get_db_prep_value(value, connection=connection, prepared=False)
  File "C:\Users\user\Envs\advbizsolutions\lib\site-packages\django\db\models\fields\__init__.py", line 837, in get_db_prep_value
    value = self.get_prep_value(value)
  File "C:\Users\user\Envs\advbizsolutions\lib\site-packages\django\db\models\fields\__init__.py", line 986, in get_prep_value
    return self.to_python(value)
  File "C:\Users\user\Envs\advbizsolutions\lib\site-packages\django\db\models\fields\__init__.py", line 976, in to_python
    raise exceptions.ValidationError(
django.core.exceptions.ValidationError: ['“” value must be either True or False.']
[2021-05-27 10:58:03] ERROR Error in Update Source!!!
Traceback (most recent call last):
  File "D:\AdvBizSolutions\FinanceControlledApplication\Sources\source\views.py", line 819, in get_aggregator_details
    MasterAggregatorsDetails.objects.create(
  File "C:\Users\user\Envs\advbizsolutions\lib\site-packages\django\db\models\manager.py", line 85, in manager_method
    return getattr(self.get_queryset(), name)(*args, **kwargs)
  File "C:\Users\user\Envs\advbizsolutions\lib\site-packages\django\db\models\query.py", line 453, in create
    obj.save(force_insert=True, using=self.db)
  File "C:\Users\user\Envs\advbizsolutions\lib\site-packages\django\db\models\base.py", line 726, in save
    self.save_base(using=using, force_insert=force_insert,
  File "C:\Users\user\Envs\advbizsolutions\lib\site-packages\django\db\models\base.py", line 763, in save_base
    updated = self._save_table(
  File "C:\Users\user\Envs\advbizsolutions\lib\site-packages\django\db\models\base.py", line 868, in _save_table
    results = self._do_insert(cls._base_manager, using, fields, returning_fields, raw)
  File "C:\Users\user\Envs\advbizsolutions\lib\site-packages\django\db\models\base.py", line 906, in _do_insert
    return manager._insert(
  File "C:\Users\user\Envs\advbizsolutions\lib\site-packages\django\db\models\manager.py", line 85, in manager_method
    return getattr(self.get_queryset(), name)(*args, **kwargs)
  File "C:\Users\user\Envs\advbizsolutions\lib\site-packages\django\db\models\query.py", line 1270, in _insert
    return query.get_compiler(using=using).execute_sql(returning_fields)
  File "C:\Users\user\Envs\advbizsolutions\lib\site-packages\django\db\models\sql\compiler.py", line 1415, in execute_sql
    for sql, params in self.as_sql():
  File "C:\Users\user\Envs\advbizsolutions\lib\site-packages\django\db\models\sql\compiler.py", line 1358, in as_sql
    value_rows = [
  File "C:\Users\user\Envs\advbizsolutions\lib\site-packages\django\db\models\sql\compiler.py", line 1359, in <listcomp>
    [self.prepare_value(field, self.pre_save_val(field, obj)) for field in fields]
  File "C:\Users\user\Envs\advbizsolutions\lib\site-packages\django\db\models\sql\compiler.py", line 1359, in <listcomp>
    [self.prepare_value(field, self.pre_save_val(field, obj)) for field in fields]
  File "C:\Users\user\Envs\advbizsolutions\lib\site-packages\django\db\models\sql\compiler.py", line 1300, in prepare_value
    value = field.get_db_prep_save(value, connection=self.connection)
  File "C:\Users\user\Envs\advbizsolutions\lib\site-packages\django\db\models\fields\__init__.py", line 842, in get_db_prep_save
    return self.get_db_prep_value(value, connection=connection, prepared=False)
  File "C:\Users\user\Envs\advbizsolutions\lib\site-packages\django\db\models\fields\__init__.py", line 837, in get_db_prep_value
    value = self.get_prep_value(value)
  File "C:\Users\user\Envs\advbizsolutions\lib\site-packages\django\db\models\fields\__init__.py", line 986, in get_prep_value
    return self.to_python(value)
  File "C:\Users\user\Envs\advbizsolutions\lib\site-packages\django\db\models\fields\__init__.py", line 976, in to_python
    raise exceptions.ValidationError(
django.core.exceptions.ValidationError: ['“” value must be either True or False.']
[2021-05-27 10:59:29] ERROR Error in Update Source!!!
Traceback (most recent call last):
  File "D:\AdvBizSolutions\FinanceControlledApplication\Sources\source\views.py", line 818, in get_aggregator_details
    print("isbase  :" +is_base)
TypeError: can only concatenate str (not "int") to str
[2021-05-27 11:00:27] ERROR Error in Update Source!!!
Traceback (most recent call last):
  File "D:\AdvBizSolutions\FinanceControlledApplication\Sources\source\views.py", line 818, in get_aggregator_details
    print("isbase  :" +is_base)
TypeError: can only concatenate str (not "int") to str
[2021-05-27 15:15:43] ERROR Error in Update Source!!!
Traceback (most recent call last):
  File "D:\AdvBizSolutions\FinanceControlledApplication\Sources\source\views.py", line 860, in get_aggregator_details
    for k, v in table_create_query.items():
AttributeError: 'str' object has no attribute 'items'
[2021-05-27 15:19:16] INFO Executing SQL Query..
[2021-05-27 15:19:16] INFO CREATE TABLE IF NOT EXISTS `6cc1f9b4-0baa-4f36-bcf1-2a33dfe3c5ad`(`id` INT(11) NOT NULL PRIMARY KEY AUTO_INCREMENT, `tenants_id` SMALLINT(5) DEFAULT NULL, `groups_id` SMALLINT(5) DEFAULT NULL, `entities_id` SMALLINT(5) DEFAULT NULL, `file_uploads_id` SMALLINT(5) DEFAULT NULL, `m_source_id` SMALLINT(5) DEFAULT NULL, `m_source_name` LONGTEXT DEFAULT NULL, `processing_status` LONGTEXT DEFAULT NULL, `processing_date_time` DATETIME(6) DEFAULT NULL,`reference_field_1-Date` VARCHAR(64) DEFAULT NULL, `reference_field_2-Char` VARCHAR(64) DEFAULT NULL, `reference_field_3-Char` VARCHAR(64) DEFAULT NULL, `is_active` TINYINT(1) DEFAULT 1,`created_by` SMALLINT(5) DEFAULT NULL,`created_date` DATETIME(6),`modified_by` SMALLINT(5) DEFAULT NULL,`modified_date` DATETIME(6));
[2021-05-27 15:19:18] ERROR Error in Update Source!!!
Traceback (most recent call last):
  File "D:\AdvBizSolutions\FinanceControlledApplication\Sources\source\views.py", line 905, in get_aggregator_details
    aggregator_queries = AggregatorsQueries.objects.filter(tenants_id=tenant_id,
  File "C:\Users\user\Envs\advbizsolutions\lib\site-packages\django\db\models\manager.py", line 85, in manager_method
    return getattr(self.get_queryset(), name)(*args, **kwargs)
  File "C:\Users\user\Envs\advbizsolutions\lib\site-packages\django\db\models\query.py", line 941, in filter
    return self._filter_or_exclude(False, args, kwargs)
  File "C:\Users\user\Envs\advbizsolutions\lib\site-packages\django\db\models\query.py", line 961, in _filter_or_exclude
    clone._filter_or_exclude_inplace(negate, args, kwargs)
  File "C:\Users\user\Envs\advbizsolutions\lib\site-packages\django\db\models\query.py", line 968, in _filter_or_exclude_inplace
    self._query.add_q(Q(*args, **kwargs))
  File "C:\Users\user\Envs\advbizsolutions\lib\site-packages\django\db\models\sql\query.py", line 1391, in add_q
    clause, _ = self._add_q(q_object, self.used_aliases)
  File "C:\Users\user\Envs\advbizsolutions\lib\site-packages\django\db\models\sql\query.py", line 1410, in _add_q
    child_clause, needed_inner = self.build_filter(
  File "C:\Users\user\Envs\advbizsolutions\lib\site-packages\django\db\models\sql\query.py", line 1284, in build_filter
    lookups, parts, reffed_expression = self.solve_lookup_type(arg)
  File "C:\Users\user\Envs\advbizsolutions\lib\site-packages\django\db\models\sql\query.py", line 1110, in solve_lookup_type
    _, field, _, lookup_parts = self.names_to_path(lookup_splitted, self.get_meta())
  File "C:\Users\user\Envs\advbizsolutions\lib\site-packages\django\db\models\sql\query.py", line 1537, in names_to_path
    raise FieldError("Cannot resolve keyword '%s' into field. "
django.core.exceptions.FieldError: Cannot resolve keyword 'm_sources_id' into field. Choices are: created_by, created_date, description, entities_id, groups_id, id, is_active, key, m_aggregator, m_aggregator_id, modified_by, modified_date, tenants_id, value
[2021-05-27 15:21:46] INFO Executing SQL Query..
[2021-05-27 15:21:46] INFO CREATE TABLE IF NOT EXISTS `6b50f74e-fcf6-4d9f-99f2-63a708483d57`(`id` INT(11) NOT NULL PRIMARY KEY AUTO_INCREMENT, `tenants_id` SMALLINT(5) DEFAULT NULL, `groups_id` SMALLINT(5) DEFAULT NULL, `entities_id` SMALLINT(5) DEFAULT NULL, `file_uploads_id` SMALLINT(5) DEFAULT NULL, `m_source_id` SMALLINT(5) DEFAULT NULL, `m_source_name` LONGTEXT DEFAULT NULL, `processing_status` LONGTEXT DEFAULT NULL, `processing_date_time` DATETIME(6) DEFAULT NULL,`reference_field_1`DATE , `reference_field_2`VARCHAR(64) , `reference_field_3`VARCHAR(64) , `is_active` TINYINT(1) DEFAULT 1,`created_by` SMALLINT(5) DEFAULT NULL,`created_date` DATETIME(6),`modified_by` SMALLINT(5) DEFAULT NULL,`modified_date` DATETIME(6));
[2021-05-27 15:21:47] ERROR Error in Update Source!!!
Traceback (most recent call last):
  File "D:\AdvBizSolutions\FinanceControlledApplication\Sources\source\views.py", line 905, in get_aggregator_details
    aggregator_queries = AggregatorsQueries.objects.filter(tenants_id=tenant_id,
  File "C:\Users\user\Envs\advbizsolutions\lib\site-packages\django\db\models\manager.py", line 85, in manager_method
    return getattr(self.get_queryset(), name)(*args, **kwargs)
  File "C:\Users\user\Envs\advbizsolutions\lib\site-packages\django\db\models\query.py", line 941, in filter
    return self._filter_or_exclude(False, args, kwargs)
  File "C:\Users\user\Envs\advbizsolutions\lib\site-packages\django\db\models\query.py", line 961, in _filter_or_exclude
    clone._filter_or_exclude_inplace(negate, args, kwargs)
  File "C:\Users\user\Envs\advbizsolutions\lib\site-packages\django\db\models\query.py", line 968, in _filter_or_exclude_inplace
    self._query.add_q(Q(*args, **kwargs))
  File "C:\Users\user\Envs\advbizsolutions\lib\site-packages\django\db\models\sql\query.py", line 1391, in add_q
    clause, _ = self._add_q(q_object, self.used_aliases)
  File "C:\Users\user\Envs\advbizsolutions\lib\site-packages\django\db\models\sql\query.py", line 1410, in _add_q
    child_clause, needed_inner = self.build_filter(
  File "C:\Users\user\Envs\advbizsolutions\lib\site-packages\django\db\models\sql\query.py", line 1284, in build_filter
    lookups, parts, reffed_expression = self.solve_lookup_type(arg)
  File "C:\Users\user\Envs\advbizsolutions\lib\site-packages\django\db\models\sql\query.py", line 1110, in solve_lookup_type
    _, field, _, lookup_parts = self.names_to_path(lookup_splitted, self.get_meta())
  File "C:\Users\user\Envs\advbizsolutions\lib\site-packages\django\db\models\sql\query.py", line 1537, in names_to_path
    raise FieldError("Cannot resolve keyword '%s' into field. "
django.core.exceptions.FieldError: Cannot resolve keyword 'm_sources_id' into field. Choices are: created_by, created_date, description, entities_id, groups_id, id, is_active, key, m_aggregator, m_aggregator_id, modified_by, modified_date, tenants_id, value
[2021-05-27 15:25:45] INFO Executing SQL Query..
[2021-05-27 15:25:45] INFO CREATE TABLE IF NOT EXISTS `18d2a3d7-70cc-44fa-9b86-820f193f4bc4`(`id` INT(11) NOT NULL PRIMARY KEY AUTO_INCREMENT, `tenants_id` SMALLINT(5) DEFAULT NULL, `groups_id` SMALLINT(5) DEFAULT NULL, `entities_id` SMALLINT(5) DEFAULT NULL, `file_uploads_id` SMALLINT(5) DEFAULT NULL, `m_source_id` SMALLINT(5) DEFAULT NULL, `m_source_name` LONGTEXT DEFAULT NULL, `processing_status` LONGTEXT DEFAULT NULL, `processing_date_time` DATETIME(6) DEFAULT NULL,`reference_field_1`  DATE , `reference_field_2`  VARCHAR(64) , `reference_field_3`  VARCHAR(64) , `is_active` TINYINT(1) DEFAULT 1,`created_by` SMALLINT(5) DEFAULT NULL,`created_date` DATETIME(6),`modified_by` SMALLINT(5) DEFAULT NULL,`modified_date` DATETIME(6));
[2021-05-27 15:25:46] ERROR Error in Update Source!!!
Traceback (most recent call last):
  File "D:\AdvBizSolutions\FinanceControlledApplication\Sources\source\views.py", line 905, in get_aggregator_details
    aggregator_queries = AggregatorsQueries.objects.filter(tenants_id=tenant_id,
  File "C:\Users\user\Envs\advbizsolutions\lib\site-packages\django\db\models\manager.py", line 85, in manager_method
    return getattr(self.get_queryset(), name)(*args, **kwargs)
  File "C:\Users\user\Envs\advbizsolutions\lib\site-packages\django\db\models\query.py", line 941, in filter
    return self._filter_or_exclude(False, args, kwargs)
  File "C:\Users\user\Envs\advbizsolutions\lib\site-packages\django\db\models\query.py", line 961, in _filter_or_exclude
    clone._filter_or_exclude_inplace(negate, args, kwargs)
  File "C:\Users\user\Envs\advbizsolutions\lib\site-packages\django\db\models\query.py", line 968, in _filter_or_exclude_inplace
    self._query.add_q(Q(*args, **kwargs))
  File "C:\Users\user\Envs\advbizsolutions\lib\site-packages\django\db\models\sql\query.py", line 1391, in add_q
    clause, _ = self._add_q(q_object, self.used_aliases)
  File "C:\Users\user\Envs\advbizsolutions\lib\site-packages\django\db\models\sql\query.py", line 1410, in _add_q
    child_clause, needed_inner = self.build_filter(
  File "C:\Users\user\Envs\advbizsolutions\lib\site-packages\django\db\models\sql\query.py", line 1284, in build_filter
    lookups, parts, reffed_expression = self.solve_lookup_type(arg)
  File "C:\Users\user\Envs\advbizsolutions\lib\site-packages\django\db\models\sql\query.py", line 1110, in solve_lookup_type
    _, field, _, lookup_parts = self.names_to_path(lookup_splitted, self.get_meta())
  File "C:\Users\user\Envs\advbizsolutions\lib\site-packages\django\db\models\sql\query.py", line 1537, in names_to_path
    raise FieldError("Cannot resolve keyword '%s' into field. "
django.core.exceptions.FieldError: Cannot resolve keyword 'm_sources_id' into field. Choices are: created_by, created_date, description, entities_id, groups_id, id, is_active, key, m_aggregator, m_aggregator_id, modified_by, modified_date, tenants_id, value
[2021-05-27 15:28:15] INFO Executing SQL Query..
[2021-05-27 15:28:15] INFO CREATE TABLE IF NOT EXISTS `627fc3f2-ecbd-4058-91fc-94b4f6d57619`(`id` INT(11) NOT NULL PRIMARY KEY AUTO_INCREMENT, `tenants_id` SMALLINT(5) DEFAULT NULL, `groups_id` SMALLINT(5) DEFAULT NULL, `entities_id` SMALLINT(5) DEFAULT NULL, `file_uploads_id` SMALLINT(5) DEFAULT NULL, `m_source_id` SMALLINT(5) DEFAULT NULL, `m_source_name` LONGTEXT DEFAULT NULL, `processing_status` LONGTEXT DEFAULT NULL, `processing_date_time` DATETIME(6) DEFAULT NULL,`reference_field_1`  DATE , `reference_field_2`  VARCHAR(64) , `reference_field_3`  VARCHAR(64) , `is_active` TINYINT(1) DEFAULT 1,`created_by` SMALLINT(5) DEFAULT NULL,`created_date` DATETIME(6),`modified_by` SMALLINT(5) DEFAULT NULL,`modified_date` DATETIME(6));
[2021-05-27 15:28:16] ERROR Error in Update Source!!!
Traceback (most recent call last):
  File "D:\AdvBizSolutions\FinanceControlledApplication\Sources\source\views.py", line 905, in get_aggregator_details
    aggregator_queries = AggregatorsQueries.objects.filter(tenants_id=tenant_id,
  File "C:\Users\user\Envs\advbizsolutions\lib\site-packages\django\db\models\manager.py", line 85, in manager_method
    return getattr(self.get_queryset(), name)(*args, **kwargs)
  File "C:\Users\user\Envs\advbizsolutions\lib\site-packages\django\db\models\query.py", line 941, in filter
    return self._filter_or_exclude(False, args, kwargs)
  File "C:\Users\user\Envs\advbizsolutions\lib\site-packages\django\db\models\query.py", line 961, in _filter_or_exclude
    clone._filter_or_exclude_inplace(negate, args, kwargs)
  File "C:\Users\user\Envs\advbizsolutions\lib\site-packages\django\db\models\query.py", line 968, in _filter_or_exclude_inplace
    self._query.add_q(Q(*args, **kwargs))
  File "C:\Users\user\Envs\advbizsolutions\lib\site-packages\django\db\models\sql\query.py", line 1391, in add_q
    clause, _ = self._add_q(q_object, self.used_aliases)
  File "C:\Users\user\Envs\advbizsolutions\lib\site-packages\django\db\models\sql\query.py", line 1410, in _add_q
    child_clause, needed_inner = self.build_filter(
  File "C:\Users\user\Envs\advbizsolutions\lib\site-packages\django\db\models\sql\query.py", line 1284, in build_filter
    lookups, parts, reffed_expression = self.solve_lookup_type(arg)
  File "C:\Users\user\Envs\advbizsolutions\lib\site-packages\django\db\models\sql\query.py", line 1110, in solve_lookup_type
    _, field, _, lookup_parts = self.names_to_path(lookup_splitted, self.get_meta())
  File "C:\Users\user\Envs\advbizsolutions\lib\site-packages\django\db\models\sql\query.py", line 1537, in names_to_path
    raise FieldError("Cannot resolve keyword '%s' into field. "
django.core.exceptions.FieldError: Cannot resolve keyword 'm_sources_id' into field. Choices are: created_by, created_date, description, entities_id, groups_id, id, is_active, key, m_aggregator, m_aggregator_id, modified_by, modified_date, tenants_id, value
[2021-05-27 15:29:23] INFO Executing SQL Query..
[2021-05-27 15:29:23] INFO CREATE TABLE IF NOT EXISTS `57958416-de0c-4827-adb1-12f7732f104b`(`id` INT(11) NOT NULL PRIMARY KEY AUTO_INCREMENT, `tenants_id` SMALLINT(5) DEFAULT NULL, `groups_id` SMALLINT(5) DEFAULT NULL, `entities_id` SMALLINT(5) DEFAULT NULL, `file_uploads_id` SMALLINT(5) DEFAULT NULL, `m_source_id` SMALLINT(5) DEFAULT NULL, `m_source_name` LONGTEXT DEFAULT NULL, `processing_status` LONGTEXT DEFAULT NULL, `processing_date_time` DATETIME(6) DEFAULT NULL,`reference_field_1`  DATE , `reference_field_2`  VARCHAR(64) , `reference_field_3`  VARCHAR(64) , `is_active` TINYINT(1) DEFAULT 1,`created_by` SMALLINT(5) DEFAULT NULL,`created_date` DATETIME(6),`modified_by` SMALLINT(5) DEFAULT NULL,`modified_date` DATETIME(6));
[2021-05-27 15:29:25] ERROR Error in Update Source!!!
Traceback (most recent call last):
  File "D:\AdvBizSolutions\FinanceControlledApplication\Sources\source\views.py", line 905, in get_aggregator_details
    aggregator_queries = AggregatorsQueries.objects.filter(tenants_id=tenant_id,
  File "C:\Users\user\Envs\advbizsolutions\lib\site-packages\django\db\models\manager.py", line 85, in manager_method
    return getattr(self.get_queryset(), name)(*args, **kwargs)
  File "C:\Users\user\Envs\advbizsolutions\lib\site-packages\django\db\models\query.py", line 941, in filter
    return self._filter_or_exclude(False, args, kwargs)
  File "C:\Users\user\Envs\advbizsolutions\lib\site-packages\django\db\models\query.py", line 961, in _filter_or_exclude
    clone._filter_or_exclude_inplace(negate, args, kwargs)
  File "C:\Users\user\Envs\advbizsolutions\lib\site-packages\django\db\models\query.py", line 968, in _filter_or_exclude_inplace
    self._query.add_q(Q(*args, **kwargs))
  File "C:\Users\user\Envs\advbizsolutions\lib\site-packages\django\db\models\sql\query.py", line 1391, in add_q
    clause, _ = self._add_q(q_object, self.used_aliases)
  File "C:\Users\user\Envs\advbizsolutions\lib\site-packages\django\db\models\sql\query.py", line 1410, in _add_q
    child_clause, needed_inner = self.build_filter(
  File "C:\Users\user\Envs\advbizsolutions\lib\site-packages\django\db\models\sql\query.py", line 1284, in build_filter
    lookups, parts, reffed_expression = self.solve_lookup_type(arg)
  File "C:\Users\user\Envs\advbizsolutions\lib\site-packages\django\db\models\sql\query.py", line 1110, in solve_lookup_type
    _, field, _, lookup_parts = self.names_to_path(lookup_splitted, self.get_meta())
  File "C:\Users\user\Envs\advbizsolutions\lib\site-packages\django\db\models\sql\query.py", line 1537, in names_to_path
    raise FieldError("Cannot resolve keyword '%s' into field. "
django.core.exceptions.FieldError: Cannot resolve keyword 'm_sources_id' into field. Choices are: created_by, created_date, description, entities_id, groups_id, id, is_active, key, m_aggregator, m_aggregator_id, modified_by, modified_date, tenants_id, value
[2021-05-27 15:32:10] INFO Executing SQL Query..
[2021-05-27 15:32:10] INFO CREATE TABLE IF NOT EXISTS `3ccb809c-4c86-4117-b855-755da20d86d9`(`id` INT(11) NOT NULL PRIMARY KEY AUTO_INCREMENT, `tenants_id` SMALLINT(5) DEFAULT NULL, `groups_id` SMALLINT(5) DEFAULT NULL, `entities_id` SMALLINT(5) DEFAULT NULL, `file_uploads_id` SMALLINT(5) DEFAULT NULL, `m_source_id` SMALLINT(5) DEFAULT NULL, `m_source_name` LONGTEXT DEFAULT NULL, `processing_status` LONGTEXT DEFAULT NULL, `processing_date_time` DATETIME(6) DEFAULT NULL,`reference_field_1`  DATE , `reference_field_2`  VARCHAR(64) , `reference_field_3`  VARCHAR(64) , `is_active` TINYINT(1) DEFAULT 1,`created_by` SMALLINT(5) DEFAULT NULL,`created_date` DATETIME(6),`modified_by` SMALLINT(5) DEFAULT NULL,`modified_date` DATETIME(6));
[2021-05-27 15:32:11] ERROR Error in Update Source!!!
Traceback (most recent call last):
  File "D:\AdvBizSolutions\FinanceControlledApplication\Sources\source\views.py", line 905, in get_aggregator_details
    aggregator_queries = AggregatorsQueries.objects.filter(tenants_id=tenant_id,
  File "C:\Users\user\Envs\advbizsolutions\lib\site-packages\django\db\models\manager.py", line 85, in manager_method
    return getattr(self.get_queryset(), name)(*args, **kwargs)
  File "C:\Users\user\Envs\advbizsolutions\lib\site-packages\django\db\models\query.py", line 941, in filter
    return self._filter_or_exclude(False, args, kwargs)
  File "C:\Users\user\Envs\advbizsolutions\lib\site-packages\django\db\models\query.py", line 961, in _filter_or_exclude
    clone._filter_or_exclude_inplace(negate, args, kwargs)
  File "C:\Users\user\Envs\advbizsolutions\lib\site-packages\django\db\models\query.py", line 968, in _filter_or_exclude_inplace
    self._query.add_q(Q(*args, **kwargs))
  File "C:\Users\user\Envs\advbizsolutions\lib\site-packages\django\db\models\sql\query.py", line 1391, in add_q
    clause, _ = self._add_q(q_object, self.used_aliases)
  File "C:\Users\user\Envs\advbizsolutions\lib\site-packages\django\db\models\sql\query.py", line 1410, in _add_q
    child_clause, needed_inner = self.build_filter(
  File "C:\Users\user\Envs\advbizsolutions\lib\site-packages\django\db\models\sql\query.py", line 1284, in build_filter
    lookups, parts, reffed_expression = self.solve_lookup_type(arg)
  File "C:\Users\user\Envs\advbizsolutions\lib\site-packages\django\db\models\sql\query.py", line 1110, in solve_lookup_type
    _, field, _, lookup_parts = self.names_to_path(lookup_splitted, self.get_meta())
  File "C:\Users\user\Envs\advbizsolutions\lib\site-packages\django\db\models\sql\query.py", line 1537, in names_to_path
    raise FieldError("Cannot resolve keyword '%s' into field. "
django.core.exceptions.FieldError: Cannot resolve keyword 'm_sources_id' into field. Choices are: created_by, created_date, description, entities_id, groups_id, id, is_active, key, m_aggregator, m_aggregator_id, modified_by, modified_date, tenants_id, value
[2021-05-27 15:33:19] INFO Executing SQL Query..
[2021-05-27 15:33:19] INFO CREATE TABLE IF NOT EXISTS `0318bbdf-f049-4d74-a9ec-cb583ce51f80`(`id` INT(11) NOT NULL PRIMARY KEY AUTO_INCREMENT, `tenants_id` SMALLINT(5) DEFAULT NULL, `groups_id` SMALLINT(5) DEFAULT NULL, `entities_id` SMALLINT(5) DEFAULT NULL, `file_uploads_id` SMALLINT(5) DEFAULT NULL, `m_source_id` SMALLINT(5) DEFAULT NULL, `m_source_name` LONGTEXT DEFAULT NULL, `processing_status` LONGTEXT DEFAULT NULL, `processing_date_time` DATETIME(6) DEFAULT NULL,`reference_field_1`  DATE , `reference_field_2`  VARCHAR(64) , `reference_field_3`  VARCHAR(64) , `is_active` TINYINT(1) DEFAULT 1,`created_by` SMALLINT(5) DEFAULT NULL,`created_date` DATETIME(6),`modified_by` SMALLINT(5) DEFAULT NULL,`modified_date` DATETIME(6));
[2021-05-27 15:33:20] ERROR Error in Update Source!!!
Traceback (most recent call last):
  File "D:\AdvBizSolutions\FinanceControlledApplication\Sources\source\views.py", line 905, in get_aggregator_details
    aggregator_queries = AggregatorsQueries.objects.filter(tenants_id=tenant_id,
  File "C:\Users\user\Envs\advbizsolutions\lib\site-packages\django\db\models\manager.py", line 85, in manager_method
    return getattr(self.get_queryset(), name)(*args, **kwargs)
  File "C:\Users\user\Envs\advbizsolutions\lib\site-packages\django\db\models\query.py", line 941, in filter
    return self._filter_or_exclude(False, args, kwargs)
  File "C:\Users\user\Envs\advbizsolutions\lib\site-packages\django\db\models\query.py", line 961, in _filter_or_exclude
    clone._filter_or_exclude_inplace(negate, args, kwargs)
  File "C:\Users\user\Envs\advbizsolutions\lib\site-packages\django\db\models\query.py", line 968, in _filter_or_exclude_inplace
    self._query.add_q(Q(*args, **kwargs))
  File "C:\Users\user\Envs\advbizsolutions\lib\site-packages\django\db\models\sql\query.py", line 1391, in add_q
    clause, _ = self._add_q(q_object, self.used_aliases)
  File "C:\Users\user\Envs\advbizsolutions\lib\site-packages\django\db\models\sql\query.py", line 1410, in _add_q
    child_clause, needed_inner = self.build_filter(
  File "C:\Users\user\Envs\advbizsolutions\lib\site-packages\django\db\models\sql\query.py", line 1284, in build_filter
    lookups, parts, reffed_expression = self.solve_lookup_type(arg)
  File "C:\Users\user\Envs\advbizsolutions\lib\site-packages\django\db\models\sql\query.py", line 1110, in solve_lookup_type
    _, field, _, lookup_parts = self.names_to_path(lookup_splitted, self.get_meta())
  File "C:\Users\user\Envs\advbizsolutions\lib\site-packages\django\db\models\sql\query.py", line 1537, in names_to_path
    raise FieldError("Cannot resolve keyword '%s' into field. "
django.core.exceptions.FieldError: Cannot resolve keyword 'source_key' into field. Choices are: created_by, created_date, description, entities_id, groups_id, id, is_active, key, m_aggregator, m_aggregator_id, modified_by, modified_date, tenants_id, value
[2021-05-27 15:33:44] INFO Executing SQL Query..
[2021-05-27 15:33:44] INFO CREATE TABLE IF NOT EXISTS `00cdd94f-cfc1-4b09-b667-d62c7059a573`(`id` INT(11) NOT NULL PRIMARY KEY AUTO_INCREMENT, `tenants_id` SMALLINT(5) DEFAULT NULL, `groups_id` SMALLINT(5) DEFAULT NULL, `entities_id` SMALLINT(5) DEFAULT NULL, `file_uploads_id` SMALLINT(5) DEFAULT NULL, `m_source_id` SMALLINT(5) DEFAULT NULL, `m_source_name` LONGTEXT DEFAULT NULL, `processing_status` LONGTEXT DEFAULT NULL, `processing_date_time` DATETIME(6) DEFAULT NULL,`reference_field_1`  DATE , `reference_field_2`  VARCHAR(64) , `reference_field_3`  VARCHAR(64) , `is_active` TINYINT(1) DEFAULT 1,`created_by` SMALLINT(5) DEFAULT NULL,`created_date` DATETIME(6),`modified_by` SMALLINT(5) DEFAULT NULL,`modified_date` DATETIME(6));
[2021-05-27 15:34:56] INFO Executing SQL Query..
[2021-05-27 15:34:56] INFO CREATE TABLE IF NOT EXISTS `718e3165-6124-49d1-a879-f6ccfa1e73f9`(`id` INT(11) NOT NULL PRIMARY KEY AUTO_INCREMENT, `tenants_id` SMALLINT(5) DEFAULT NULL, `groups_id` SMALLINT(5) DEFAULT NULL, `entities_id` SMALLINT(5) DEFAULT NULL, `file_uploads_id` SMALLINT(5) DEFAULT NULL, `m_source_id` SMALLINT(5) DEFAULT NULL, `m_source_name` LONGTEXT DEFAULT NULL, `processing_status` LONGTEXT DEFAULT NULL, `processing_date_time` DATETIME(6) DEFAULT NULL,`reference_field_1`  DATE , `reference_field_2`  VARCHAR(64) , `reference_field_3`  VARCHAR(64) , `is_active` TINYINT(1) DEFAULT 1,`created_by` SMALLINT(5) DEFAULT NULL,`created_date` DATETIME(6),`modified_by` SMALLINT(5) DEFAULT NULL,`modified_date` DATETIME(6));
